2026-04-27 09:54:52 [INFO] ============================================================
2026-04-27 09:54:52 [INFO] 自动登录调度器启动
2026-04-27 09:54:52 [INFO]   检查间隔: 3600s | 并发数: 2 | 无头: True
2026-04-27 09:54:52 [INFO]   重试上限: 2 | 登录超时: 180s
2026-04-27 09:54:52 [INFO]   日志文件: D:\2026_SKILL\account_mgr\log\login_scheduler.log
2026-04-27 09:54:52 [INFO] ============================================================
2026-04-27 09:54:52 [INFO] --- 新一轮检查 [2026-04-27 09:54:52] ---
2026-04-27 09:54:52 [INFO] [每日刷新] 到达 06:00 刷新窗口，开始强制重置所有活跃账号...
2026-04-27 09:54:52 [INFO] [每日刷新] 已重置 0 个活跃账号 (status=1 → 0)，等待下轮调度登录
2026-04-27 09:54:52 [INFO] 共 3 个待登录账号，并发 Worker: 2
2026-04-27 09:54:52 [INFO] 已认领 3 个账号，启动 2 个 Worker...
2026-04-27 09:54:52 [INFO] [EnnalscrAvey@gmail.com] 开始登录...
2026-04-27 09:54:52 [INFO] [VieauTakemura@gmail.com] 开始登录...
2026-04-27 09:55:45 [INFO] [VieauTakemura@gmail.com] ✓ 登录成功，Cookie 已写入 Redis，Pool 大小: 3
2026-04-27 09:55:45 [INFO] [DanielwalterDresch@gmail.com] 开始登录...
2026-04-27 09:55:46 [INFO] [EnnalscrAvey@gmail.com] ✓ 登录成功，Cookie 已写入 Redis，Pool 大小: 3
2026-04-27 09:56:38 [INFO] [DanielwalterDresch@gmail.com] ✓ 登录成功，Cookie 已写入 Redis，Pool 大小: 3
2026-04-27 09:56:38 [INFO] 等待 3600s 后下次检查...
2026-04-27 10:00:42 [INFO] 连接已关闭，调度器退出
2026-04-27 10:00:42 [INFO] 收到 Ctrl+C，调度器退出
2026-04-27 17:06:39 [INFO] ============================================================
2026-04-27 17:06:39 [INFO] 自动登录调度器启动
2026-04-27 17:06:39 [INFO]   检查间隔: 3600s | 并发数: 2 | 无头: True
2026-04-27 17:06:39 [INFO]   重试上限: 2 | 登录超时: 180s
2026-04-27 17:06:39 [INFO]   日志文件: D:\2026_SKILL\account_mgr\log\login_scheduler.log
2026-04-27 17:06:39 [INFO] ============================================================
2026-04-27 17:06:39 [INFO] --- 新一轮检查 [2026-04-27 17:06:39] ---
2026-04-27 17:06:39 [INFO] [每日刷新] 到达 06:00 刷新窗口，开始强制重置所有活跃账号...
2026-04-27 17:06:39 [INFO] [每日刷新] 已重置 0 个活跃账号 (status=1 → 0)，等待下轮调度登录
2026-04-27 17:06:39 [INFO] 没有待登录的账号 (status=0)
2026-04-27 17:06:39 [INFO] 等待 3600s 后下次检查...
2026-04-27 17:06:47 [INFO] 连接已关闭，调度器退出
2026-04-27 17:06:47 [INFO] 收到 Ctrl+C，调度器退出
2026-04-27 17:06:51 [INFO] ============================================================
2026-04-27 17:06:51 [INFO] 自动登录调度器启动
2026-04-27 17:06:51 [INFO]   检查间隔: 3600s | 并发数: 2 | 无头: True
2026-04-27 17:06:51 [INFO]   重试上限: 2 | 登录超时: 180s
2026-04-27 17:06:51 [INFO]   日志文件: D:\2026_SKILL\account_mgr\log\login_scheduler.log
2026-04-27 17:06:51 [INFO] ============================================================
2026-04-27 17:06:51 [INFO] --- 新一轮检查 [2026-04-27 17:06:51] ---
2026-04-27 17:06:51 [INFO] [每日刷新] 到达 06:00 刷新窗口，开始强制重置所有活跃账号...
2026-04-27 17:06:51 [INFO] [每日刷新] 已重置 0 个活跃账号 (status=1 → 0)，等待下轮调度登录
2026-04-27 17:06:51 [INFO] 没有待登录的账号 (status=0)
2026-04-27 17:06:51 [INFO] 等待 3600s 后下次检查...
2026-04-27 17:06:59 [INFO] 连接已关闭，调度器退出
2026-04-27 17:06:59 [INFO] 收到 Ctrl+C，调度器退出
2026-04-27 17:07:02 [INFO] ============================================================
2026-04-27 17:07:02 [INFO] 自动登录调度器启动
2026-04-27 17:07:02 [INFO]   检查间隔: 3600s | 并发数: 2 | 无头: True
2026-04-27 17:07:02 [INFO]   重试上限: 2 | 登录超时: 180s
2026-04-27 17:07:02 [INFO]   日志文件: D:\2026_SKILL\account_mgr\log\login_scheduler.log
2026-04-27 17:07:02 [INFO] ============================================================
2026-04-27 17:07:02 [INFO] --- 新一轮检查 [2026-04-27 17:07:02] ---
2026-04-27 17:07:02 [INFO] [每日刷新] 到达 06:00 刷新窗口，开始强制重置所有活跃账号...
2026-04-27 17:07:02 [INFO] [每日刷新] 已重置 0 个活跃账号 (status=1 → 0)，等待下轮调度登录
2026-04-27 17:07:02 [INFO] 共 3 个待登录账号，并发 Worker: 2
2026-04-27 17:07:02 [INFO] 已认领 3 个账号，启动 2 个 Worker...
2026-04-27 17:07:02 [INFO] [EnnalscrAvey@gmail.com] 开始登录...
2026-04-27 17:07:02 [INFO] [VieauTakemura@gmail.com] 开始登录...
2026-04-27 17:07:30 [INFO] [DanielwalterDresch@gmail.com] 开始登录...
2026-04-27 17:07:53 [INFO] [EnnalscrAvey@gmail.com] ✓ 登录成功，Cookie 已写入 Redis，Pool 大小: 1
2026-04-27 17:08:29 [INFO] [DanielwalterDresch@gmail.com] ✓ 登录成功，Cookie 已写入 Redis，Pool 大小: 2
2026-04-27 17:08:29 [INFO] 等待 3600s 后下次检查...
2026-04-27 17:08:49 [INFO] 连接已关闭，调度器退出
2026-04-27 17:08:49 [INFO] 收到 Ctrl+C，调度器退出
2026-04-27 17:08:51 [INFO] 收到 Ctrl+C，调度器退出
2026-04-27 17:09:38 [INFO] ============================================================
2026-04-27 17:09:38 [INFO] 自动登录调度器启动
2026-04-27 17:09:38 [INFO]   检查间隔: 3600s | 并发数: 2 | 无头: False
2026-04-27 17:09:38 [INFO]   重试上限: 2 | 登录超时: 180s
2026-04-27 17:09:38 [INFO]   日志文件: D:\2026_SKILL\account_mgr\log\login_scheduler.log
2026-04-27 17:09:38 [INFO] ============================================================
2026-04-27 17:09:38 [INFO] --- 新一轮检查 [2026-04-27 17:09:38] ---
2026-04-27 17:09:38 [INFO] [每日刷新] 到达 06:00 刷新窗口，开始强制重置所有活跃账号...
2026-04-27 17:09:38 [INFO] [每日刷新] 已重置 2 个活跃账号 (status=1 → 0)，等待下轮调度登录
2026-04-27 17:09:38 [INFO] 共 3 个待登录账号，并发 Worker: 2
2026-04-27 17:09:38 [INFO] 已认领 3 个账号，启动 2 个 Worker...
2026-04-27 17:09:38 [INFO] [EnnalscrAvey@gmail.com] 开始登录...
2026-04-27 17:09:38 [INFO] [VieauTakemura@gmail.com] 开始登录...
2026-04-27 17:10:30 [INFO] [VieauTakemura@gmail.com] ✓ 登录成功，Cookie 已写入 Redis，Pool 大小: 3
2026-04-27 17:10:30 [INFO] [DanielwalterDresch@gmail.com] 开始登录...
2026-04-27 17:10:32 [INFO] [EnnalscrAvey@gmail.com] ✓ 登录成功，Cookie 已写入 Redis，Pool 大小: 3
2026-04-27 17:11:25 [INFO] [DanielwalterDresch@gmail.com] ✓ 登录成功，Cookie 已写入 Redis，Pool 大小: 3
2026-04-27 17:11:25 [INFO] 等待 3600s 后下次检查...
2026-04-27 17:12:05 [INFO] 连接已关闭，调度器退出
2026-04-27 17:12:05 [INFO] 收到 Ctrl+C，调度器退出
2026-04-27 20:08:53 [INFO] ============================================================
2026-04-27 20:08:53 [INFO] 自动登录调度器启动
2026-04-27 20:08:53 [INFO]   检查间隔: 3600s | 并发数: 2 | 无头: False
2026-04-27 20:08:53 [INFO]   重试上限: 2 | 登录超时: 180s
2026-04-27 20:08:53 [INFO]   日志文件: D:\2026_SKILL\account_mgr\log\login_scheduler.log
2026-04-27 20:08:53 [INFO] ============================================================
2026-04-27 20:08:53 [INFO] --- 新一轮检查 [2026-04-27 20:08:53] ---
2026-04-27 20:08:53 [INFO] [每日刷新] 到达 06:00 刷新窗口，开始强制重置所有活跃账号...
2026-04-27 20:08:53 [INFO] [每日刷新] 已重置 0 个活跃账号 (status=1 → 0)，等待下轮调度登录
2026-04-27 20:08:53 [INFO] 共 5 个待登录账号，并发 Worker: 2
2026-04-27 20:08:53 [INFO] 已认领 5 个账号，启动 2 个 Worker...
2026-04-27 20:08:53 [INFO] [EnnalscrAvey@gmail.com] 开始登录...
2026-04-27 20:08:53 [INFO] [VieauTakemura@gmail.com] 开始登录...
2026-04-27 20:09:43 [INFO] [VieauTakemura@gmail.com] ✓ 登录成功，Cookie 已写入 Redis，Pool 大小: 1
2026-04-27 20:09:43 [INFO] [DanielwalterDresch@gmail.com] 开始登录...
2026-04-27 20:09:48 [INFO] [EnnalscrAvey@gmail.com] ✓ 登录成功，Cookie 已写入 Redis，Pool 大小: 2
2026-04-27 20:09:48 [INFO] [KansecoKosme@gmail.com] 开始登录...
2026-04-27 20:10:14 [WARNING] [KansecoKosme@gmail.com] 尝试 1 异常: TimeoutError: Page.wait_for_selector: Timeout 15000ms exceeded.
Call log:
  - waiting for locator("input[type=\"password\"]") to be visible
  - waiting for locator("input[type=\"password\"]")

2026-04-27 20:10:14 [INFO] [KansecoKosme@gmail.com] 第 1 次重试，等待 30s...
2026-04-27 20:10:37 [INFO] [DanielwalterDresch@gmail.com] ✓ 登录成功，Cookie 已写入 Redis，Pool 大小: 3
2026-04-27 20:10:37 [INFO] [LeitheiserFigueira@gmail.com] 开始登录...
2026-04-27 20:11:12 [WARNING] [KansecoKosme@gmail.com] 尝试 2 异常: TimeoutError: Page.wait_for_selector: Timeout 15000ms exceeded.
Call log:
  - waiting for locator("input[type=\"password\"]") to be visible
  - waiting for locator("input[type=\"password\"]")
    5 × locator resolved to hidden <input class="Hvu6D" tabindex="-1" type="password" jsname="RHeR4d" aria-hidden="true" spellcheck="false" name="hiddenPassword"/>

2026-04-27 20:11:12 [INFO] [KansecoKosme@gmail.com] 第 2 次重试，等待 30s...
2026-04-27 20:11:34 [INFO] [LeitheiserFigueira@gmail.com] ✓ 登录成功，Cookie 已写入 Redis，Pool 大小: 4
2026-04-27 20:12:24 [INFO] 等待 3600s 后下次检查...
2026-04-27 20:12:53 [INFO] 连接已关闭，调度器退出
2026-04-27 20:12:53 [INFO] 收到 Ctrl+C，调度器退出
2026-04-27 20:13:27 [INFO] ============================================================
2026-04-27 20:13:27 [INFO] 自动登录调度器启动
2026-04-27 20:13:27 [INFO]   检查间隔: 3600s | 并发数: 2 | 无头: True
2026-04-27 20:13:27 [INFO]   重试上限: 2 | 登录超时: 180s
2026-04-27 20:13:27 [INFO]   日志文件: D:\2026_SKILL\account_mgr\log\login_scheduler.log
2026-04-27 20:13:27 [INFO] ============================================================
2026-04-27 20:13:27 [INFO] --- 新一轮检查 [2026-04-27 20:13:27] ---
2026-04-27 20:13:27 [INFO] [每日刷新] 到达 06:00 刷新窗口，开始强制重置所有活跃账号...
2026-04-27 20:13:27 [INFO] [每日刷新] 已重置 4 个活跃账号 (status=1 → 0)，等待下轮调度登录
2026-04-27 20:13:27 [INFO] 共 4 个待登录账号，并发 Worker: 2
2026-04-27 20:13:27 [INFO] 已认领 4 个账号，启动 2 个 Worker...
2026-04-27 20:13:27 [INFO] [EnnalscrAvey@gmail.com] 开始登录...
2026-04-27 20:13:27 [INFO] [VieauTakemura@gmail.com] 开始登录...
2026-04-27 20:14:17 [INFO] [EnnalscrAvey@gmail.com] ✓ 登录成功，Cookie 已写入 Redis，Pool 大小: 4
2026-04-27 20:14:17 [INFO] [DanielwalterDresch@gmail.com] 开始登录...
2026-04-27 20:14:20 [INFO] [VieauTakemura@gmail.com] ✓ 登录成功，Cookie 已写入 Redis，Pool 大小: 4
2026-04-27 20:14:20 [INFO] [LeitheiserFigueira@gmail.com] 开始登录...
2026-04-27 20:15:09 [INFO] [DanielwalterDresch@gmail.com] ✓ 登录成功，Cookie 已写入 Redis，Pool 大小: 4
2026-04-27 20:15:14 [INFO] [LeitheiserFigueira@gmail.com] ✓ 登录成功，Cookie 已写入 Redis，Pool 大小: 4
2026-04-27 20:15:14 [INFO] 等待 3600s 后下次检查...
2026-04-27 20:26:33 [INFO] 连接已关闭，调度器退出
2026-04-27 20:26:33 [INFO] 收到 Ctrl+C，调度器退出
2026-04-27 20:26:36 [INFO] 收到 Ctrl+C，调度器退出
2026-04-27 20:27:22 [INFO] ============================================================
2026-04-27 20:27:22 [INFO] 自动登录调度器启动
2026-04-27 20:27:22 [INFO]   检查间隔: 3600s | 并发数: 2 | 无头: True
2026-04-27 20:27:22 [INFO]   重试上限: 2 | 登录超时: 180s
2026-04-27 20:27:22 [INFO]   日志文件: D:\2026_SKILL\account_mgr\log\login_scheduler.log
2026-04-27 20:27:22 [INFO] ============================================================
2026-04-27 20:27:22 [INFO] --- 新一轮检查 [2026-04-27 20:27:22] ---
2026-04-27 20:27:22 [INFO] [每日刷新] 到达 06:00 刷新窗口，开始强制重置所有活跃账号...
2026-04-27 20:27:22 [INFO] [每日刷新] 已重置 4 个活跃账号 (status=1 → 0)，等待下轮调度登录
2026-04-27 20:27:22 [INFO] 共 4 个待登录账号，并发 Worker: 2
2026-04-27 20:27:22 [INFO] 已认领 4 个账号，启动 2 个 Worker...
2026-04-27 20:27:22 [INFO] [EnnalscrAvey@gmail.com] 开始登录...
2026-04-27 20:27:22 [INFO] [VieauTakemura@gmail.com] 开始登录...
2026-04-27 20:28:14 [INFO] [VieauTakemura@gmail.com] ✓ 登录成功，Cookie 已写入 Redis，Pool 大小: 4
2026-04-27 20:28:14 [INFO] [DanielwalterDresch@gmail.com] 开始登录...
2026-04-27 20:28:16 [INFO] [EnnalscrAvey@gmail.com] ✓ 登录成功，Cookie 已写入 Redis，Pool 大小: 4
2026-04-27 20:28:16 [INFO] [LeitheiserFigueira@gmail.com] 开始登录...
2026-04-27 20:28:46 [INFO] 等待 3600s 后下次检查...
2026-04-27 21:17:38 [INFO] 连接已关闭，调度器退出
2026-04-27 21:17:38 [INFO] 收到 Ctrl+C，调度器退出
2026-04-27 21:28:15 [INFO] ============================================================
2026-04-27 21:28:15 [INFO] 自动登录调度器启动
2026-04-27 21:28:15 [INFO]   检查间隔: 3600s | 并发数: 2 | 无头: True
2026-04-27 21:28:15 [INFO]   重试上限: 2 | 登录超时: 180s
2026-04-27 21:28:15 [INFO]   日志文件: D:\2026_SKILL\account_mgr\log\login_scheduler.log
2026-04-27 21:28:15 [INFO] ============================================================
2026-04-27 21:28:15 [INFO] --- 新一轮检查 [2026-04-27 21:28:15] ---
2026-04-27 21:28:15 [INFO] [每日刷新] 到达 06:00 刷新窗口，开始强制重置所有活跃账号...
2026-04-27 21:28:15 [INFO] [每日刷新] 已重置 0 个活跃账号 (status=1 → 0)，等待下轮调度登录
2026-04-27 21:28:15 [INFO] 共 4 个待登录账号，并发 Worker: 2
2026-04-27 21:28:15 [INFO] 已认领 4 个账号，启动 2 个 Worker...
2026-04-27 21:28:15 [INFO] [EnnalscrAvey@gmail.com] 准备开始登录，随机等待 14.4s 防风控...
2026-04-27 21:28:18 [INFO] [VieauTakemura@gmail.com] 准备开始登录，随机等待 7.3s 防风控...
2026-04-27 21:28:25 [INFO] [VieauTakemura@gmail.com] 开始登录...
2026-04-27 21:28:29 [INFO] [EnnalscrAvey@gmail.com] 开始登录...
2026-04-27 21:29:23 [INFO] [VieauTakemura@gmail.com] ✓ 登录成功，Cookie 已写入 Redis，Pool 大小: 1
2026-04-27 21:29:23 [INFO] [DanielwalterDresch@gmail.com] 准备开始登录，随机等待 14.6s 防风控...
2026-04-27 21:29:27 [INFO] [EnnalscrAvey@gmail.com] ✓ 登录成功，Cookie 已写入 Redis，Pool 大小: 2
2026-04-27 21:29:27 [INFO] [LeitheiserFigueira@gmail.com] 准备开始登录，随机等待 6.6s 防风控...
2026-04-27 21:29:33 [INFO] [LeitheiserFigueira@gmail.com] 开始登录...
2026-04-27 21:29:38 [INFO] [DanielwalterDresch@gmail.com] 开始登录...
2026-04-27 21:30:30 [INFO] [LeitheiserFigueira@gmail.com] ✓ 登录成功，Cookie 已写入 Redis，Pool 大小: 3
2026-04-27 21:30:42 [INFO] [DanielwalterDresch@gmail.com] ✓ 登录成功，Cookie 已写入 Redis，Pool 大小: 4
2026-04-27 21:30:42 [INFO] 等待 3600s 后下次检查...
2026-04-27 21:36:33 [INFO] 连接已关闭，调度器退出
2026-04-27 21:36:33 [INFO] 收到 Ctrl+C，调度器退出
2026-04-28 00:02:55 [INFO] ============================================================
2026-04-28 00:02:55 [INFO] 自动登录调度器启动
2026-04-28 00:02:55 [INFO]   检查间隔: 3600s | 并发数: 2 | 无头: True
2026-04-28 00:02:55 [INFO]   重试上限: 2 | 登录超时: 180s
2026-04-28 00:02:55 [INFO]   日志文件: D:\2026_SKILL\account_mgr\log\login_scheduler.log
2026-04-28 00:02:55 [INFO] ============================================================
2026-04-28 00:02:55 [INFO] --- 新一轮检查 [2026-04-28 00:02:55] ---
2026-04-28 00:02:55 [INFO] 没有待登录的账号 (status=0)
2026-04-28 00:02:55 [INFO] 等待 3600s 后下次检查...
2026-04-28 01:02:55 [INFO] --- 新一轮检查 [2026-04-28 01:02:55] ---
2026-04-28 01:02:55 [INFO] 没有待登录的账号 (status=0)
2026-04-28 01:02:55 [INFO] 等待 3600s 后下次检查...
2026-04-28 02:02:55 [INFO] --- 新一轮检查 [2026-04-28 02:02:55] ---
2026-04-28 02:02:55 [INFO] 没有待登录的账号 (status=0)
2026-04-28 02:02:55 [INFO] 等待 3600s 后下次检查...
2026-04-28 03:02:55 [INFO] --- 新一轮检查 [2026-04-28 03:02:55] ---
2026-04-28 03:02:55 [INFO] 没有待登录的账号 (status=0)
2026-04-28 03:02:55 [INFO] 等待 3600s 后下次检查...
2026-04-28 04:02:55 [INFO] --- 新一轮检查 [2026-04-28 04:02:55] ---
2026-04-28 04:02:55 [INFO] 没有待登录的账号 (status=0)
2026-04-28 04:02:55 [INFO] 等待 3600s 后下次检查...
2026-04-28 05:02:55 [INFO] --- 新一轮检查 [2026-04-28 05:02:55] ---
2026-04-28 05:02:55 [INFO] 没有待登录的账号 (status=0)
2026-04-28 05:02:55 [INFO] 等待 3600s 后下次检查...
2026-04-28 06:02:55 [INFO] --- 新一轮检查 [2026-04-28 06:02:55] ---
2026-04-28 06:02:55 [INFO] [每日刷新] 到达 06:00 刷新窗口，开始强制重置所有活跃账号...
2026-04-28 06:02:55 [INFO] [每日刷新] 已重置 1 个活跃账号 (status=1 → 0)，等待下轮调度登录
2026-04-28 06:02:55 [INFO] 共 1 个待登录账号，并发 Worker: 2
2026-04-28 06:02:55 [INFO] 已认领 1 个账号，启动 1 个 Worker...
2026-04-28 06:02:55 [INFO] [LeitheiserFigueira@gmail.com] 准备开始登录，随机等待 13.0s 防风控...
2026-04-28 06:03:08 [INFO] [LeitheiserFigueira@gmail.com] 开始登录...
2026-04-28 06:03:44 [INFO] 等待 3600s 后下次检查...
2026-04-28 07:03:44 [INFO] --- 新一轮检查 [2026-04-28 07:03:44] ---
2026-04-28 07:03:44 [INFO] 没有待登录的账号 (status=0)
2026-04-28 07:03:44 [INFO] 等待 3600s 后下次检查...
2026-04-28 08:03:44 [INFO] --- 新一轮检查 [2026-04-28 08:03:44] ---
2026-04-28 08:03:44 [INFO] 没有待登录的账号 (status=0)
2026-04-28 08:03:44 [INFO] 等待 3600s 后下次检查...
2026-04-28 09:03:44 [INFO] --- 新一轮检查 [2026-04-28 09:03:44] ---
2026-04-28 09:03:44 [INFO] 没有待登录的账号 (status=0)
2026-04-28 09:03:44 [INFO] 等待 3600s 后下次检查...
2026-04-28 09:59:38 [INFO] 连接已关闭，调度器退出
2026-04-28 09:59:38 [INFO] 收到 Ctrl+C，调度器退出
2026-04-28 09:59:41 [INFO] ============================================================
2026-04-28 09:59:41 [INFO] 自动登录调度器启动
2026-04-28 09:59:41 [INFO]   检查间隔: 3600s | 并发数: 2 | 无头: True
2026-04-28 09:59:41 [INFO]   重试上限: 2 | 登录超时: 180s
2026-04-28 09:59:41 [INFO]   日志文件: D:\2026_SKILL\account_mgr\log\login_scheduler.log
2026-04-28 09:59:41 [INFO] ============================================================
2026-04-28 09:59:41 [INFO] --- 新一轮检查 [2026-04-28 09:59:41] ---
2026-04-28 09:59:41 [INFO] [早班刷新] 到达 06:00 窗口，普通执行一次：重置所有活跃账号(status=1)...
2026-04-28 09:59:41 [INFO] [早班刷新] 已重置 0 个活跃账号 (status=1 → 0)，等待重新获取 Cookie
2026-04-28 09:59:41 [INFO] 没有待登录的账号 (status=0)
2026-04-28 09:59:41 [INFO] 等待 3600s 后下次检查...
2026-04-28 10:00:09 [INFO] 连接已关闭，调度器退出
2026-04-28 10:00:09 [INFO] 收到 Ctrl+C，调度器退出
2026-04-28 10:00:12 [INFO] ============================================================
2026-04-28 10:00:12 [INFO] 自动登录调度器启动
2026-04-28 10:00:12 [INFO]   检查间隔: 3600s | 并发数: 2 | 无头: True
2026-04-28 10:00:12 [INFO]   重试上限: 2 | 登录超时: 180s
2026-04-28 10:00:12 [INFO]   日志文件: D:\2026_SKILL\account_mgr\log\login_scheduler.log
2026-04-28 10:00:12 [INFO] ============================================================
2026-04-28 10:00:12 [INFO] --- 新一轮检查 [2026-04-28 10:00:12] ---
2026-04-28 10:00:12 [INFO] [早班刷新] 到达 06:00 窗口，普通执行一次：重置所有活跃账号(status=1)...
2026-04-28 10:00:12 [INFO] [早班刷新] 已重置 0 个活跃账号 (status=1 → 0)，等待重新获取 Cookie
2026-04-28 10:00:12 [INFO] [晚班刷新] 到达 18:00 窗口，重试异常账号：重置所有非活跃账号(status!=1)...
2026-04-28 10:00:12 [INFO] [晚班刷新] 已重置 4 个非活跃账号 (status!=1 → 0)，准备重试登录
2026-04-28 10:00:12 [INFO] 共 4 个待登录账号，并发 Worker: 2
2026-04-28 10:00:12 [INFO] 已认领 4 个账号，启动 2 个 Worker...
2026-04-28 10:00:12 [INFO] [EnnalscrAvey@gmail.com] 准备开始登录，随机等待 14.3s 防风控...
2026-04-28 10:00:15 [INFO] [VieauTakemura@gmail.com] 准备开始登录，随机等待 13.7s 防风控...
2026-04-28 10:00:27 [INFO] [EnnalscrAvey@gmail.com] 开始登录...
2026-04-28 10:00:28 [INFO] [VieauTakemura@gmail.com] 开始登录...
2026-04-28 10:01:21 [INFO] [EnnalscrAvey@gmail.com] ✓ 登录成功，Cookie 已写入 Redis，Pool 大小: 1
2026-04-28 10:01:21 [INFO] [DanielwalterDresch@gmail.com] 准备开始登录，随机等待 6.5s 防风控...
2026-04-28 10:01:28 [INFO] [DanielwalterDresch@gmail.com] 开始登录...
2026-04-28 10:01:29 [INFO] [VieauTakemura@gmail.com] ✓ 登录成功，Cookie 已写入 Redis，Pool 大小: 2
2026-04-28 10:01:29 [INFO] [LeitheiserFigueira@gmail.com] 准备开始登录，随机等待 11.0s 防风控...
2026-04-28 10:01:40 [INFO] [LeitheiserFigueira@gmail.com] 开始登录...
2026-04-28 10:02:24 [INFO] [DanielwalterDresch@gmail.com] ✓ 登录成功，Cookie 已写入 Redis，Pool 大小: 3
2026-04-28 10:02:40 [INFO] [LeitheiserFigueira@gmail.com] ✓ 登录成功，Cookie 已写入 Redis，Pool 大小: 4
2026-04-28 10:02:40 [INFO] 等待 3600s 后下次检查...
2026-04-28 11:02:40 [INFO] --- 新一轮检查 [2026-04-28 11:02:40] ---
2026-04-28 11:02:40 [INFO] 没有待登录的账号 (status=0)
2026-04-28 11:02:40 [INFO] 等待 3600s 后下次检查...
2026-04-28 12:02:40 [INFO] --- 新一轮检查 [2026-04-28 12:02:40] ---
2026-04-28 12:02:40 [ERROR] 本轮检查异常: command aggregate requires authentication, full error: {'ok': 0.0, 'errmsg': 'command aggregate requires authentication', 'code': 13, 'codeName': 'Unauthorized'}
Traceback (most recent call last):
  File "D:\2026_SKILL\account_mgr\login_scheduler.py", line 278, in run_daemon
    await run_once(col)
  File "D:\2026_SKILL\account_mgr\login_scheduler.py", line 174, in run_once
    pending_count = col.count_documents({"status": 0})
                    ^^^^^^^^^^^^^^^^^^^^^^^^^^^^^^^^^^
  File "C:\Users\Administrator\AppData\Local\Programs\Python\Python311\Lib\site-packages\pymongo\synchronous\collection.py", line 2163, in count_documents
    return self._retryable_non_cursor_read(_cmd, session, _Op.COUNT)
           ^^^^^^^^^^^^^^^^^^^^^^^^^^^^^^^^^^^^^^^^^^^^^^^^^^^^^^^^^
  File "C:\Users\Administrator\AppData\Local\Programs\Python\Python311\Lib\site-packages\pymongo\synchronous\collection.py", line 2177, in _retryable_non_cursor_read
    return client._retryable_read(func, self._read_preference_for(s), s, operation)
           ^^^^^^^^^^^^^^^^^^^^^^^^^^^^^^^^^^^^^^^^^^^^^^^^^^^^^^^^^^^^^^^^^^^^^^^^
  File "C:\Users\Administrator\AppData\Local\Programs\Python\Python311\Lib\site-packages\pymongo\synchronous\mongo_client.py", line 2048, in _retryable_read
    return self._retry_internal(
           ^^^^^^^^^^^^^^^^^^^^^
  File "C:\Users\Administrator\AppData\Local\Programs\Python\Python311\Lib\site-packages\pymongo\_csot.py", line 125, in csot_wrapper
    return func(self, *args, **kwargs)
           ^^^^^^^^^^^^^^^^^^^^^^^^^^^
  File "C:\Users\Administrator\AppData\Local\Programs\Python\Python311\Lib\site-packages\pymongo\synchronous\mongo_client.py", line 2014, in _retry_internal
    ).run()
      ^^^^^
  File "C:\Users\Administrator\AppData\Local\Programs\Python\Python311\Lib\site-packages\pymongo\synchronous\mongo_client.py", line 2763, in run
    return self._read() if self._is_read else self._write()
           ^^^^^^^^^^^^
  File "C:\Users\Administrator\AppData\Local\Programs\Python\Python311\Lib\site-packages\pymongo\synchronous\mongo_client.py", line 2924, in _read
    return self._func(self._session, self._server, conn, read_pref)  # type: ignore
           ^^^^^^^^^^^^^^^^^^^^^^^^^^^^^^^^^^^^^^^^^^^^^^^^^^^^^^^^
  File "C:\Users\Administrator\AppData\Local\Programs\Python\Python311\Lib\site-packages\pymongo\synchronous\collection.py", line 2158, in _cmd
    result = self._aggregate_one_result(conn, read_preference, cmd, collation, session)
             ^^^^^^^^^^^^^^^^^^^^^^^^^^^^^^^^^^^^^^^^^^^^^^^^^^^^^^^^^^^^^^^^^^^^^^^^^^
  File "C:\Users\Administrator\AppData\Local\Programs\Python\Python311\Lib\site-packages\pymongo\synchronous\collection.py", line 2016, in _aggregate_one_result
    result = self._command(
             ^^^^^^^^^^^^^^
  File "C:\Users\Administrator\AppData\Local\Programs\Python\Python311\Lib\site-packages\pymongo\synchronous\collection.py", line 621, in _command
    return conn.command(
           ^^^^^^^^^^^^^
  File "C:\Users\Administrator\AppData\Local\Programs\Python\Python311\Lib\site-packages\pymongo\synchronous\helpers.py", line 47, in inner
    return func(*args, **kwargs)
           ^^^^^^^^^^^^^^^^^^^^^
  File "C:\Users\Administrator\AppData\Local\Programs\Python\Python311\Lib\site-packages\pymongo\synchronous\pool.py", line 398, in command
    return command(
           ^^^^^^^^
  File "C:\Users\Administrator\AppData\Local\Programs\Python\Python311\Lib\site-packages\pymongo\synchronous\network.py", line 212, in command
    helpers_shared._check_command_response(
  File "C:\Users\Administrator\AppData\Local\Programs\Python\Python311\Lib\site-packages\pymongo\helpers_shared.py", line 284, in _check_command_response
    raise OperationFailure(errmsg, code, response, max_wire_version)
pymongo.errors.OperationFailure: command aggregate requires authentication, full error: {'ok': 0.0, 'errmsg': 'command aggregate requires authentication', 'code': 13, 'codeName': 'Unauthorized'}
2026-04-28 12:02:40 [INFO] 等待 3600s 后下次检查...
2026-04-28 13:02:40 [INFO] --- 新一轮检查 [2026-04-28 13:02:40] ---
2026-04-28 13:02:40 [ERROR] 本轮检查异常: command aggregate requires authentication, full error: {'ok': 0.0, 'errmsg': 'command aggregate requires authentication', 'code': 13, 'codeName': 'Unauthorized'}
Traceback (most recent call last):
  File "D:\2026_SKILL\account_mgr\login_scheduler.py", line 278, in run_daemon
    await run_once(col)
  File "D:\2026_SKILL\account_mgr\login_scheduler.py", line 174, in run_once
    pending_count = col.count_documents({"status": 0})
                    ^^^^^^^^^^^^^^^^^^^^^^^^^^^^^^^^^^
  File "C:\Users\Administrator\AppData\Local\Programs\Python\Python311\Lib\site-packages\pymongo\synchronous\collection.py", line 2163, in count_documents
    return self._retryable_non_cursor_read(_cmd, session, _Op.COUNT)
           ^^^^^^^^^^^^^^^^^^^^^^^^^^^^^^^^^^^^^^^^^^^^^^^^^^^^^^^^^
  File "C:\Users\Administrator\AppData\Local\Programs\Python\Python311\Lib\site-packages\pymongo\synchronous\collection.py", line 2177, in _retryable_non_cursor_read
    return client._retryable_read(func, self._read_preference_for(s), s, operation)
           ^^^^^^^^^^^^^^^^^^^^^^^^^^^^^^^^^^^^^^^^^^^^^^^^^^^^^^^^^^^^^^^^^^^^^^^^
  File "C:\Users\Administrator\AppData\Local\Programs\Python\Python311\Lib\site-packages\pymongo\synchronous\mongo_client.py", line 2048, in _retryable_read
    return self._retry_internal(
           ^^^^^^^^^^^^^^^^^^^^^
  File "C:\Users\Administrator\AppData\Local\Programs\Python\Python311\Lib\site-packages\pymongo\_csot.py", line 125, in csot_wrapper
    return func(self, *args, **kwargs)
           ^^^^^^^^^^^^^^^^^^^^^^^^^^^
  File "C:\Users\Administrator\AppData\Local\Programs\Python\Python311\Lib\site-packages\pymongo\synchronous\mongo_client.py", line 2014, in _retry_internal
    ).run()
      ^^^^^
  File "C:\Users\Administrator\AppData\Local\Programs\Python\Python311\Lib\site-packages\pymongo\synchronous\mongo_client.py", line 2763, in run
    return self._read() if self._is_read else self._write()
           ^^^^^^^^^^^^
  File "C:\Users\Administrator\AppData\Local\Programs\Python\Python311\Lib\site-packages\pymongo\synchronous\mongo_client.py", line 2924, in _read
    return self._func(self._session, self._server, conn, read_pref)  # type: ignore
           ^^^^^^^^^^^^^^^^^^^^^^^^^^^^^^^^^^^^^^^^^^^^^^^^^^^^^^^^
  File "C:\Users\Administrator\AppData\Local\Programs\Python\Python311\Lib\site-packages\pymongo\synchronous\collection.py", line 2158, in _cmd
    result = self._aggregate_one_result(conn, read_preference, cmd, collation, session)
             ^^^^^^^^^^^^^^^^^^^^^^^^^^^^^^^^^^^^^^^^^^^^^^^^^^^^^^^^^^^^^^^^^^^^^^^^^^
  File "C:\Users\Administrator\AppData\Local\Programs\Python\Python311\Lib\site-packages\pymongo\synchronous\collection.py", line 2016, in _aggregate_one_result
    result = self._command(
             ^^^^^^^^^^^^^^
  File "C:\Users\Administrator\AppData\Local\Programs\Python\Python311\Lib\site-packages\pymongo\synchronous\collection.py", line 621, in _command
    return conn.command(
           ^^^^^^^^^^^^^
  File "C:\Users\Administrator\AppData\Local\Programs\Python\Python311\Lib\site-packages\pymongo\synchronous\helpers.py", line 47, in inner
    return func(*args, **kwargs)
           ^^^^^^^^^^^^^^^^^^^^^
  File "C:\Users\Administrator\AppData\Local\Programs\Python\Python311\Lib\site-packages\pymongo\synchronous\pool.py", line 398, in command
    return command(
           ^^^^^^^^
  File "C:\Users\Administrator\AppData\Local\Programs\Python\Python311\Lib\site-packages\pymongo\synchronous\network.py", line 212, in command
    helpers_shared._check_command_response(
  File "C:\Users\Administrator\AppData\Local\Programs\Python\Python311\Lib\site-packages\pymongo\helpers_shared.py", line 284, in _check_command_response
    raise OperationFailure(errmsg, code, response, max_wire_version)
pymongo.errors.OperationFailure: command aggregate requires authentication, full error: {'ok': 0.0, 'errmsg': 'command aggregate requires authentication', 'code': 13, 'codeName': 'Unauthorized'}
2026-04-28 13:02:40 [INFO] 等待 3600s 后下次检查...
2026-04-28 14:02:40 [INFO] --- 新一轮检查 [2026-04-28 14:02:40] ---
2026-04-28 14:02:40 [ERROR] 本轮检查异常: command aggregate requires authentication, full error: {'ok': 0.0, 'errmsg': 'command aggregate requires authentication', 'code': 13, 'codeName': 'Unauthorized'}
Traceback (most recent call last):
  File "D:\2026_SKILL\account_mgr\login_scheduler.py", line 278, in run_daemon
    await run_once(col)
  File "D:\2026_SKILL\account_mgr\login_scheduler.py", line 174, in run_once
    pending_count = col.count_documents({"status": 0})
                    ^^^^^^^^^^^^^^^^^^^^^^^^^^^^^^^^^^
  File "C:\Users\Administrator\AppData\Local\Programs\Python\Python311\Lib\site-packages\pymongo\synchronous\collection.py", line 2163, in count_documents
    return self._retryable_non_cursor_read(_cmd, session, _Op.COUNT)
           ^^^^^^^^^^^^^^^^^^^^^^^^^^^^^^^^^^^^^^^^^^^^^^^^^^^^^^^^^
  File "C:\Users\Administrator\AppData\Local\Programs\Python\Python311\Lib\site-packages\pymongo\synchronous\collection.py", line 2177, in _retryable_non_cursor_read
    return client._retryable_read(func, self._read_preference_for(s), s, operation)
           ^^^^^^^^^^^^^^^^^^^^^^^^^^^^^^^^^^^^^^^^^^^^^^^^^^^^^^^^^^^^^^^^^^^^^^^^
  File "C:\Users\Administrator\AppData\Local\Programs\Python\Python311\Lib\site-packages\pymongo\synchronous\mongo_client.py", line 2048, in _retryable_read
    return self._retry_internal(
           ^^^^^^^^^^^^^^^^^^^^^
  File "C:\Users\Administrator\AppData\Local\Programs\Python\Python311\Lib\site-packages\pymongo\_csot.py", line 125, in csot_wrapper
    return func(self, *args, **kwargs)
           ^^^^^^^^^^^^^^^^^^^^^^^^^^^
  File "C:\Users\Administrator\AppData\Local\Programs\Python\Python311\Lib\site-packages\pymongo\synchronous\mongo_client.py", line 2014, in _retry_internal
    ).run()
      ^^^^^
  File "C:\Users\Administrator\AppData\Local\Programs\Python\Python311\Lib\site-packages\pymongo\synchronous\mongo_client.py", line 2763, in run
    return self._read() if self._is_read else self._write()
           ^^^^^^^^^^^^
  File "C:\Users\Administrator\AppData\Local\Programs\Python\Python311\Lib\site-packages\pymongo\synchronous\mongo_client.py", line 2924, in _read
    return self._func(self._session, self._server, conn, read_pref)  # type: ignore
           ^^^^^^^^^^^^^^^^^^^^^^^^^^^^^^^^^^^^^^^^^^^^^^^^^^^^^^^^
  File "C:\Users\Administrator\AppData\Local\Programs\Python\Python311\Lib\site-packages\pymongo\synchronous\collection.py", line 2158, in _cmd
    result = self._aggregate_one_result(conn, read_preference, cmd, collation, session)
             ^^^^^^^^^^^^^^^^^^^^^^^^^^^^^^^^^^^^^^^^^^^^^^^^^^^^^^^^^^^^^^^^^^^^^^^^^^
  File "C:\Users\Administrator\AppData\Local\Programs\Python\Python311\Lib\site-packages\pymongo\synchronous\collection.py", line 2016, in _aggregate_one_result
    result = self._command(
             ^^^^^^^^^^^^^^
  File "C:\Users\Administrator\AppData\Local\Programs\Python\Python311\Lib\site-packages\pymongo\synchronous\collection.py", line 621, in _command
    return conn.command(
           ^^^^^^^^^^^^^
  File "C:\Users\Administrator\AppData\Local\Programs\Python\Python311\Lib\site-packages\pymongo\synchronous\helpers.py", line 47, in inner
    return func(*args, **kwargs)
           ^^^^^^^^^^^^^^^^^^^^^
  File "C:\Users\Administrator\AppData\Local\Programs\Python\Python311\Lib\site-packages\pymongo\synchronous\pool.py", line 398, in command
    return command(
           ^^^^^^^^
  File "C:\Users\Administrator\AppData\Local\Programs\Python\Python311\Lib\site-packages\pymongo\synchronous\network.py", line 212, in command
    helpers_shared._check_command_response(
  File "C:\Users\Administrator\AppData\Local\Programs\Python\Python311\Lib\site-packages\pymongo\helpers_shared.py", line 284, in _check_command_response
    raise OperationFailure(errmsg, code, response, max_wire_version)
pymongo.errors.OperationFailure: command aggregate requires authentication, full error: {'ok': 0.0, 'errmsg': 'command aggregate requires authentication', 'code': 13, 'codeName': 'Unauthorized'}
2026-04-28 14:02:40 [INFO] 等待 3600s 后下次检查...
2026-04-28 14:46:11 [INFO] 连接已关闭，调度器退出
2026-04-28 14:46:11 [INFO] 收到 Ctrl+C，调度器退出
2026-04-28 14:51:44 [INFO] ============================================================
2026-04-28 14:51:44 [INFO] 自动登录调度器启动
2026-04-28 14:51:44 [INFO]   检查间隔: 3600s | 并发数: 2 | 无头: True
2026-04-28 14:51:44 [INFO]   重试上限: 2 | 登录超时: 180s
2026-04-28 14:51:44 [INFO]   日志文件: D:\2026_SKILL\account_mgr\log\login_scheduler.log
2026-04-28 14:51:44 [INFO] ============================================================
2026-04-28 14:51:44 [INFO] --- 新一轮检查 [2026-04-28 14:51:44] ---
2026-04-28 14:51:44 [INFO] [早班刷新] 到达 06:00 窗口，普通执行一次：重置所有活跃账号(status=1)...
2026-04-28 14:51:44 [INFO] [早班刷新] 已重置 1 个活跃账号 (status=1 → 0)，等待重新获取 Cookie
2026-04-28 14:51:44 [INFO] [晚班刷新] 到达 18:00 窗口，重试异常账号：重置所有非活跃账号(status!=1)...
2026-04-28 14:51:44 [INFO] [晚班刷新] 已重置 3 个非活跃账号 (status!=1 → 0)，准备重试登录
2026-04-28 14:51:44 [INFO] 共 4 个待登录账号，并发 Worker: 2
2026-04-28 14:51:44 [INFO] 已认领 4 个账号，启动 2 个 Worker...
2026-04-28 14:51:44 [INFO] [EnnalscrAvey@gmail.com] 准备开始登录，随机等待 9.7s 防风控...
2026-04-28 14:51:46 [INFO] [VieauTakemura@gmail.com] 准备开始登录，随机等待 9.8s 防风控...
2026-04-28 14:51:53 [INFO] [EnnalscrAvey@gmail.com] 开始登录...
2026-04-28 14:51:56 [INFO] [VieauTakemura@gmail.com] 开始登录...
2026-04-28 14:52:01 [WARNING] [EnnalscrAvey@gmail.com] 任务被取消，重置为待处理
2026-04-28 14:52:56 [INFO] ============================================================
2026-04-28 14:52:56 [INFO] 自动登录调度器启动
2026-04-28 14:52:56 [INFO]   检查间隔: 3600s | 并发数: 2 | 无头: True
2026-04-28 14:52:56 [INFO]   重试上限: 2 | 登录超时: 180s
2026-04-28 14:52:56 [INFO]   日志文件: D:\2026_SKILL\account_mgr\log\login_scheduler.log
2026-04-28 14:52:56 [INFO] ============================================================
2026-04-28 14:52:56 [INFO] 已重置 3 个遗留处理中账号 (status=-1 → 0)
2026-04-28 14:52:56 [INFO] --- 新一轮检查 [2026-04-28 14:52:56] ---
2026-04-28 14:52:56 [INFO] [早班刷新] 到达 06:00 窗口，普通执行一次：重置所有活跃账号(status=1)...
2026-04-28 14:52:56 [INFO] [早班刷新] 已重置 0 个活跃账号 (status=1 → 0)，等待重新获取 Cookie
2026-04-28 14:52:56 [INFO] 共 4 个待登录账号，并发 Worker: 2
2026-04-28 14:52:56 [INFO] 已认领 4 个账号，启动 2 个 Worker...
2026-04-28 14:52:56 [INFO] [EnnalscrAvey@gmail.com] 准备开始登录，随机等待 6.3s 防风控...
2026-04-28 14:53:00 [INFO] [VieauTakemura@gmail.com] 准备开始登录，随机等待 7.0s 防风控...
2026-04-28 14:53:03 [INFO] [EnnalscrAvey@gmail.com] 开始登录...
2026-04-28 14:53:07 [INFO] [VieauTakemura@gmail.com] 开始登录...
2026-04-28 14:53:59 [INFO] [EnnalscrAvey@gmail.com] ✓ 登录成功，Cookie 已写入 Redis，Pool 大小: 2
2026-04-28 14:53:59 [INFO] [DanielwalterDresch@gmail.com] 准备开始登录，随机等待 10.8s 防风控...
2026-04-28 14:54:03 [INFO] [VieauTakemura@gmail.com] ✓ 登录成功，Cookie 已写入 Redis，Pool 大小: 3
2026-04-28 14:54:03 [INFO] [LeitheiserFigueira@gmail.com] 准备开始登录，随机等待 12.7s 防风控...
2026-04-28 14:54:10 [INFO] [DanielwalterDresch@gmail.com] 开始登录...
2026-04-28 14:54:16 [INFO] [LeitheiserFigueira@gmail.com] 开始登录...
2026-04-28 14:55:07 [INFO] [DanielwalterDresch@gmail.com] ✓ 登录成功，Cookie 已写入 Redis，Pool 大小: 4
2026-04-28 14:55:13 [INFO] [LeitheiserFigueira@gmail.com] ✓ 登录成功，Cookie 已写入 Redis，Pool 大小: 4
2026-04-28 14:55:13 [INFO] 等待 3600s 后下次检查...
2026-04-28 15:55:13 [INFO] --- 新一轮检查 [2026-04-28 15:55:13] ---
2026-04-28 15:55:13 [INFO] 没有待登录的账号 (status=0)
2026-04-28 15:55:13 [INFO] 等待 3600s 后下次检查...
2026-04-28 16:55:13 [INFO] --- 新一轮检查 [2026-04-28 16:55:13] ---
2026-04-28 16:55:13 [INFO] 共 1 个待登录账号，并发 Worker: 2
2026-04-28 16:55:13 [INFO] 已认领 1 个账号，启动 1 个 Worker...
2026-04-28 16:55:13 [INFO] [hardcoregamer1026@gmail.com] 准备开始登录，随机等待 13.5s 防风控...
2026-04-28 16:55:27 [INFO] [hardcoregamer1026@gmail.com] 开始登录...
2026-04-28 16:55:38 [WARNING] [hardcoregamer1026@gmail.com] 尝试 1 异常: Error: Page.goto: net::ERR_CONNECTION_CLOSED at https://accounts.google.com/signin
Call log:
  - navigating to "https://accounts.google.com/signin", waiting until "networkidle"

2026-04-28 16:55:38 [INFO] [hardcoregamer1026@gmail.com] 第 1 次重试，等待 30s...
2026-04-28 16:56:18 [WARNING] [hardcoregamer1026@gmail.com] 尝试 2 异常: Error: Page.goto: net::ERR_CONNECTION_CLOSED at https://accounts.google.com/signin
Call log:
  - navigating to "https://accounts.google.com/signin", waiting until "networkidle"

2026-04-28 16:56:18 [INFO] [hardcoregamer1026@gmail.com] 第 2 次重试，等待 30s...
2026-04-28 16:57:19 [WARNING] [hardcoregamer1026@gmail.com] 尝试 3 异常: TimeoutError: Page.goto: Timeout 30000ms exceeded.
Call log:
  - navigating to "https://accounts.google.com/signin", waiting until "networkidle"

2026-04-28 16:57:19 [INFO] 等待 3600s 后下次检查...
2026-04-28 17:12:39 [INFO] 连接已关闭，调度器退出
2026-04-28 17:12:39 [INFO] 收到 Ctrl+C，调度器退出
2026-04-28 17:14:26 [INFO] ============================================================
2026-04-28 17:14:26 [INFO] 自动登录调度器启动
2026-04-28 17:14:26 [INFO]   检查间隔: 3600s | 并发数: 2 | 无头: True
2026-04-28 17:14:26 [INFO]   重试上限: 2 | 登录超时: 180s
2026-04-28 17:14:26 [INFO]   日志文件: D:\2026_SKILL\account_mgr\log\login_scheduler.log
2026-04-28 17:14:26 [INFO] ============================================================
2026-04-28 17:14:26 [INFO] --- 新一轮检查 [2026-04-28 17:14:26] ---
2026-04-28 17:14:26 [INFO] [早班刷新] 到达 06:00 窗口，普通执行一次：重置所有活跃账号(status=1)...
2026-04-28 17:14:26 [INFO] [早班刷新] 已重置 0 个活跃账号 (status=1 → 0)，等待重新获取 Cookie
2026-04-28 17:14:26 [INFO] 共 5 个待登录账号，并发 Worker: 2
2026-04-28 17:14:26 [INFO] 已认领 5 个账号，启动 2 个 Worker...
2026-04-28 17:14:26 [INFO] [EnnalscrAvey@gmail.com] 准备开始登录，随机等待 8.9s 防风控...
2026-04-28 17:14:30 [INFO] [VieauTakemura@gmail.com] 准备开始登录，随机等待 10.5s 防风控...
2026-04-28 17:14:35 [INFO] [EnnalscrAvey@gmail.com] 开始登录...
2026-04-28 17:14:40 [INFO] [VieauTakemura@gmail.com] 开始登录...
2026-04-28 17:15:28 [INFO] [EnnalscrAvey@gmail.com] ✓ 登录成功，Cookie 已写入 Redis，Pool 大小: 1
2026-04-28 17:15:28 [INFO] [DanielwalterDresch@gmail.com] 准备开始登录，随机等待 10.5s 防风控...
2026-04-28 17:15:37 [INFO] [VieauTakemura@gmail.com] ✓ 登录成功，Cookie 已写入 Redis，Pool 大小: 2
2026-04-28 17:15:37 [INFO] [LeitheiserFigueira@gmail.com] 准备开始登录，随机等待 9.8s 防风控...
2026-04-28 17:15:39 [INFO] [DanielwalterDresch@gmail.com] 开始登录...
2026-04-28 17:15:46 [INFO] [LeitheiserFigueira@gmail.com] 开始登录...
2026-04-28 17:16:12 [INFO] [hardcoregamer1026@gmail.com] 准备开始登录，随机等待 9.6s 防风控...
2026-04-28 17:16:22 [INFO] [hardcoregamer1026@gmail.com] 开始登录...
2026-04-28 17:16:42 [INFO] [LeitheiserFigueira@gmail.com] ✓ 登录成功，Cookie 已写入 Redis，Pool 大小: 3
2026-04-28 17:17:19 [INFO] [hardcoregamer1026@gmail.com] ✓ 登录成功，Cookie 已写入 Redis，Pool 大小: 4
2026-04-28 17:17:19 [INFO] 等待 3600s 后下次检查...
2026-04-28 18:17:19 [INFO] --- 新一轮检查 [2026-04-28 18:17:19] ---
2026-04-28 18:17:19 [INFO] [晚班刷新] 到达 18:00 窗口，重试异常账号：重置所有非活跃账号(status!=1)...
2026-04-28 18:17:19 [INFO] [晚班刷新] 已重置 1 个非活跃账号 (status!=1 → 0)，准备重试登录
2026-04-28 18:17:19 [INFO] 共 1 个待登录账号，并发 Worker: 2
2026-04-28 18:17:19 [INFO] 已认领 1 个账号，启动 1 个 Worker...
2026-04-28 18:17:19 [INFO] [DanielwalterDresch@gmail.com] 准备开始登录，随机等待 7.7s 防风控...
2026-04-28 18:17:27 [INFO] [DanielwalterDresch@gmail.com] 开始登录...
2026-04-28 18:18:19 [INFO] [DanielwalterDresch@gmail.com] ✓ 登录成功，Cookie 已写入 Redis，Pool 大小: 5
2026-04-28 18:18:19 [INFO] 等待 3600s 后下次检查...
2026-04-28 18:24:04 [INFO] 连接已关闭，调度器退出
2026-04-28 18:24:04 [INFO] 收到 Ctrl+C，调度器退出
2026-04-29 13:36:46 [INFO] ============================================================
2026-04-29 13:36:46 [INFO] 自动登录调度器启动
2026-04-29 13:36:46 [INFO]   检查间隔: 3600s | 并发数: 2 | 无头: True
2026-04-29 13:36:46 [INFO]   重试上限: 2 | 登录超时: 180s
2026-04-29 13:36:46 [INFO]   日志文件: D:\2026_SKILL\account_mgr\log\login_scheduler.log
2026-04-29 13:36:46 [INFO] ============================================================
2026-04-29 13:36:46 [INFO] --- 新一轮检查 [2026-04-29 13:36:46] ---
2026-04-29 13:36:46 [INFO] [早班刷新] 到达 06:00 窗口，普通执行一次：重置所有活跃账号(status=1)...
2026-04-29 13:36:46 [INFO] [早班刷新] 已重置 3 个活跃账号 (status=1 → 0)，等待重新获取 Cookie
2026-04-29 13:36:46 [INFO] 共 3 个待登录账号，并发 Worker: 2
2026-04-29 13:36:46 [INFO] 已认领 3 个账号，启动 2 个 Worker...
2026-04-29 13:36:46 [INFO] [VieauTakemura@gmail.com] 准备开始登录，随机等待 7.0s 防风控...
2026-04-29 13:36:49 [INFO] [DanielwalterDresch@gmail.com] 准备开始登录，随机等待 8.0s 防风控...
2026-04-29 13:36:53 [INFO] [VieauTakemura@gmail.com] 开始登录...
2026-04-29 13:36:57 [INFO] [DanielwalterDresch@gmail.com] 开始登录...
2026-04-29 13:37:44 [INFO] [VieauTakemura@gmail.com] ✓ 登录成功，Cookie 已写入 Redis，Pool 大小: 1
2026-04-29 13:37:44 [INFO] [LeitheiserFigueira@gmail.com] 准备开始登录，随机等待 13.4s 防风控...
2026-04-29 13:37:53 [INFO] [DanielwalterDresch@gmail.com] ✓ 登录成功，Cookie 已写入 Redis，Pool 大小: 2
2026-04-29 13:37:58 [INFO] [LeitheiserFigueira@gmail.com] 开始登录...
2026-04-29 13:38:53 [INFO] [LeitheiserFigueira@gmail.com] ✓ 登录成功，Cookie 已写入 Redis，Pool 大小: 3
2026-04-29 13:38:53 [INFO] 等待 3600s 后下次检查...
2026-04-29 14:38:53 [INFO] --- 新一轮检查 [2026-04-29 14:38:53] ---
2026-04-29 14:38:53 [INFO] 没有待登录的账号 (status=0)
2026-04-29 14:38:53 [INFO] 等待 3600s 后下次检查...
2026-04-29 15:38:53 [INFO] --- 新一轮检查 [2026-04-29 15:38:53] ---
2026-04-29 15:38:53 [INFO] 没有待登录的账号 (status=0)
2026-04-29 15:38:53 [INFO] 等待 3600s 后下次检查...
2026-04-29 16:38:53 [INFO] --- 新一轮检查 [2026-04-29 16:38:53] ---
2026-04-29 16:38:53 [INFO] 没有待登录的账号 (status=0)
2026-04-29 16:38:53 [INFO] 等待 3600s 后下次检查...
2026-04-29 17:38:53 [INFO] --- 新一轮检查 [2026-04-29 17:38:53] ---
2026-04-29 17:38:53 [INFO] 没有待登录的账号 (status=0)
2026-04-29 17:38:53 [INFO] 等待 3600s 后下次检查...
2026-04-29 18:38:53 [INFO] --- 新一轮检查 [2026-04-29 18:38:53] ---
2026-04-29 18:38:53 [INFO] [晚班刷新] 到达 18:00 窗口，重试异常账号：重置所有非活跃账号(status!=1)...
2026-04-29 18:38:53 [INFO] [晚班刷新] 已重置 2 个非活跃账号 (status!=1 → 0)，准备重试登录
2026-04-29 18:38:53 [INFO] 共 2 个待登录账号，并发 Worker: 2
2026-04-29 18:38:53 [INFO] 已认领 2 个账号，启动 2 个 Worker...
2026-04-29 18:38:53 [INFO] [EnnalscrAvey@gmail.com] 准备开始登录，随机等待 8.9s 防风控...
2026-04-29 18:38:57 [INFO] [hardcoregamer1026@gmail.com] 准备开始登录，随机等待 11.0s 防风控...
2026-04-29 18:39:02 [INFO] [EnnalscrAvey@gmail.com] 开始登录...
2026-04-29 18:39:08 [INFO] [hardcoregamer1026@gmail.com] 开始登录...
2026-04-29 18:39:53 [INFO] [EnnalscrAvey@gmail.com] ✓ 登录成功，Cookie 已写入 Redis，Pool 大小: 4
2026-04-29 18:40:00 [INFO] [hardcoregamer1026@gmail.com] ✓ 登录成功，Cookie 已写入 Redis，Pool 大小: 5
2026-04-29 18:40:00 [INFO] 等待 3600s 后下次检查...
2026-04-29 19:40:00 [INFO] --- 新一轮检查 [2026-04-29 19:40:00] ---
2026-04-29 19:40:00 [INFO] 没有待登录的账号 (status=0)
2026-04-29 19:40:00 [INFO] 等待 3600s 后下次检查...
2026-04-29 20:40:00 [INFO] --- 新一轮检查 [2026-04-29 20:40:00] ---
2026-04-29 20:40:00 [INFO] 没有待登录的账号 (status=0)
2026-04-29 20:40:00 [INFO] 等待 3600s 后下次检查...
2026-04-29 21:40:00 [INFO] --- 新一轮检查 [2026-04-29 21:40:00] ---
2026-04-29 21:40:00 [INFO] 没有待登录的账号 (status=0)
2026-04-29 21:40:00 [INFO] 等待 3600s 后下次检查...
2026-04-29 22:40:00 [INFO] --- 新一轮检查 [2026-04-29 22:40:00] ---
2026-04-29 22:40:00 [INFO] 没有待登录的账号 (status=0)
2026-04-29 22:40:00 [INFO] 等待 3600s 后下次检查...
2026-04-29 23:40:00 [INFO] --- 新一轮检查 [2026-04-29 23:40:00] ---
2026-04-29 23:40:00 [INFO] 没有待登录的账号 (status=0)
2026-04-29 23:40:00 [INFO] 等待 3600s 后下次检查...
2026-04-29 23:49:45 [INFO] ============================================================
2026-04-29 23:49:45 [INFO] 自动登录调度器启动
2026-04-29 23:49:45 [INFO]   检查间隔: 3600s | 并发数: 2 | 无头: True
2026-04-29 23:49:45 [INFO]   重试上限: 2 | 登录超时: 180s
2026-04-29 23:49:45 [INFO]   日志文件: D:\2026_SKILL\account_mgr\log\login_scheduler.log
2026-04-29 23:49:45 [INFO] ============================================================
2026-04-29 23:49:45 [INFO] --- 新一轮检查 [2026-04-29 23:49:45] ---
2026-04-29 23:49:45 [INFO] [晚班刷新] 到达 18:00 窗口，重试异常账号：重置所有非活跃账号(status!=1)...
2026-04-29 23:49:45 [INFO] [晚班刷新] 已重置 0 个非活跃账号 (status!=1 → 0)，准备重试登录
2026-04-29 23:49:45 [INFO] 没有待登录的账号 (status=0)
2026-04-29 23:49:45 [INFO] 等待 3600s 后下次检查...
2026-04-30 00:40:02 [INFO] --- 新一轮检查 [2026-04-30 00:40:02] ---
2026-04-30 00:40:02 [INFO] 没有待登录的账号 (status=0)
2026-04-30 00:40:02 [INFO] 等待 3600s 后下次检查...
2026-04-30 00:49:45 [INFO] --- 新一轮检查 [2026-04-30 00:49:45] ---
2026-04-30 00:49:45 [INFO] 没有待登录的账号 (status=0)
2026-04-30 00:49:45 [INFO] 等待 3600s 后下次检查...
2026-04-30 09:45:37 [INFO] ============================================================
2026-04-30 09:45:37 [INFO] 自动登录调度器启动
2026-04-30 09:45:37 [INFO]   检查间隔: 3600s | 并发数: 2 | 无头: True
2026-04-30 09:45:37 [INFO]   重试上限: 2 | 登录超时: 180s
2026-04-30 09:45:37 [INFO]   日志文件: D:\2026_SKILL\account_mgr\log\login_scheduler.log
2026-04-30 09:45:37 [INFO] ============================================================
2026-04-30 09:45:37 [INFO] --- 新一轮检查 [2026-04-30 09:45:37] ---
2026-04-30 09:45:37 [INFO] [早班刷新] 到达 06:00 窗口，普通执行一次：重置所有活跃账号(status=1)...
2026-04-30 09:45:37 [INFO] [早班刷新] 已重置 5 个活跃账号 (status=1 → 0)，等待重新获取 Cookie
2026-04-30 09:45:37 [INFO] 共 5 个待登录账号，并发 Worker: 2
2026-04-30 09:45:37 [INFO] 已认领 5 个账号，启动 2 个 Worker...
2026-04-30 09:45:37 [INFO] [EnnalscrAvey@gmail.com] 准备开始登录，随机等待 12.2s 防风控...
2026-04-30 09:45:39 [INFO] [VieauTakemura@gmail.com] 准备开始登录，随机等待 11.6s 防风控...
2026-04-30 09:45:49 [INFO] [EnnalscrAvey@gmail.com] 开始登录...
2026-04-30 09:45:51 [INFO] [VieauTakemura@gmail.com] 开始登录...
2026-04-30 09:46:13 [WARNING] [EnnalscrAvey@gmail.com] 尝试 1 异常: Error: Page.goto: net::ERR_CONNECTION_TIMED_OUT at https://accounts.google.com/signin
Call log:
  - navigating to "https://accounts.google.com/signin", waiting until "networkidle"

2026-04-30 09:46:13 [INFO] [EnnalscrAvey@gmail.com] 第 1 次重试，等待 30s...
2026-04-30 09:46:18 [WARNING] [VieauTakemura@gmail.com] 尝试 1 异常: Error: Page.goto: net::ERR_CONNECTION_TIMED_OUT at https://accounts.google.com/signin
Call log:
  - navigating to "https://accounts.google.com/signin", waiting until "networkidle"

2026-04-30 09:46:18 [INFO] [VieauTakemura@gmail.com] 第 1 次重试，等待 30s...
2026-04-30 09:47:06 [WARNING] [EnnalscrAvey@gmail.com] 尝试 2 异常: Error: Page.goto: net::ERR_CONNECTION_TIMED_OUT at https://accounts.google.com/signin
Call log:
  - navigating to "https://accounts.google.com/signin", waiting until "networkidle"

2026-04-30 09:47:06 [INFO] [EnnalscrAvey@gmail.com] 第 2 次重试，等待 30s...
2026-04-30 09:47:11 [WARNING] [VieauTakemura@gmail.com] 尝试 2 异常: Error: Page.goto: net::ERR_CONNECTION_TIMED_OUT at https://accounts.google.com/signin
Call log:
  - navigating to "https://accounts.google.com/signin", waiting until "networkidle"

2026-04-30 09:47:11 [INFO] [VieauTakemura@gmail.com] 第 2 次重试，等待 30s...
2026-04-30 09:47:40 [WARNING] [EnnalscrAvey@gmail.com] 任务被取消，重置为待处理
2026-04-30 09:47:40 [INFO] 连接已关闭，调度器退出
2026-04-30 09:47:40 [INFO] 收到 Ctrl+C，调度器退出
2026-04-30 09:47:41 [ERROR] Task exception was never retrieved
future: <Task finished name='Task-32' coro=<login_and_get_flow_cookies() done, defined at D:\2026_SKILL\account_mgr\flow_login.py:37> exception=TargetClosedError('BrowserContext.close: Target page, context or browser has been closed\nBrowser logs:\n\n<launching> C:\\Users\\Administrator\\AppData\\Local\\ms-playwright\\chromium-1208\\chrome-win64\\chrome.exe --disable-field-trial-config --disable-background-networking --disable-background-timer-throttling --disable-backgrounding-occluded-windows --disable-breakpad --no-default-browser-check --disable-dev-shm-usage --disable-features=AvoidUnnecessaryBeforeUnloadCheckSync,BoundaryEventDispatchTracksNodeRemoval,DestroyProfileOnBrowserClose,DialMediaRouteProvider,GlobalMediaControls,HttpsUpgrades,LensOverlay,MediaRouter,PaintHolding,ThirdPartyStoragePartitioning,Translate,AutoDeElevate,RenderDocument,OptimizationHints --enable-features=CDPScreenshotNewSurface --disable-hang-monitor --disable-prompt-on-repost --disable-renderer-backgrounding --force-color-profile=srgb --no-first-run --password-store=basic --use-mock-keychain --no-service-autorun --export-tagged-pdf --disable-search-engine-choice-screen --edge-skip-compat-layer-relaunch --disable-infobars --disable-search-engine-choice-screen --disable-sync --disable-blink-features=AutomationControlled --headless --hide-scrollbars --mute-audio --blink-settings=primaryHoverType=2,availableHoverTypes=2,primaryPointerType=4,availablePointerTypes=4 --no-sandbox --no-service-autorun --disable-infobars --password-store=basic --disable-blink-features=AutomationControlled --disable-hang-monitor --no-default-browser-check --disable-breakpad --window-size=1366,900 --no-pings --disable-search-engine-choice-screen --disable-session-crashed-bubble --no-first-run --homepage=about:blank --user-data-dir=C:\\Users\\Administrator\\AppData\\Local\\Temp\\playwright_chromiumdev_profile-NnNoJw --remote-debugging-pipe about:blank\n<launched> pid=17232\n[pid=17232] <gracefully close start>')>
Traceback (most recent call last):
  File "D:\2026_SKILL\account_mgr\flow_login.py", line 98, in login_and_get_flow_cookies
    google_result = await google_scraper.login_google(email, password, totp_key)
                    ^^^^^^^^^^^^^^^^^^^^^^^^^^^^^^^^^^^^^^^^^^^^^^^^^^^^^^^^^^^^
  File "D:\2026_SKILL\account_mgr\google_auth_flow.py", line 372, in login_google
    await context.close()
  File "C:\Users\Administrator\AppData\Local\Programs\Python\Python311\Lib\site-packages\patchright\async_api\_generated.py", line 13258, in close
    return mapping.from_maybe_impl(await self._impl_obj.close(reason=reason))
                                   ^^^^^^^^^^^^^^^^^^^^^^^^^^^^^^^^^^^^^^^^^
  File "C:\Users\Administrator\AppData\Local\Programs\Python\Python311\Lib\site-packages\patchright\_impl\_browser_context.py", line 578, in close
    await self._channel.send("close", None, {"reason": reason})
  File "C:\Users\Administrator\AppData\Local\Programs\Python\Python311\Lib\site-packages\patchright\_impl\_connection.py", line 52, in send
    return await self._connection.wrap_api_call(
           ^^^^^^^^^^^^^^^^^^^^^^^^^^^^^^^^^^^^^
  File "C:\Users\Administrator\AppData\Local\Programs\Python\Python311\Lib\site-packages\patchright\_impl\_connection.py", line 500, in wrap_api_call
    raise rewrite_error(error, f"{parsed_st['apiName']}: {error}") from None
patchright._impl._errors.TargetClosedError: BrowserContext.close: Target page, context or browser has been closed
Browser logs:

<launching> C:\Users\Administrator\AppData\Local\ms-playwright\chromium-1208\chrome-win64\chrome.exe --disable-field-trial-config --disable-background-networking --disable-background-timer-throttling --disable-backgrounding-occluded-windows --disable-breakpad --no-default-browser-check --disable-dev-shm-usage --disable-features=AvoidUnnecessaryBeforeUnloadCheckSync,BoundaryEventDispatchTracksNodeRemoval,DestroyProfileOnBrowserClose,DialMediaRouteProvider,GlobalMediaControls,HttpsUpgrades,LensOverlay,MediaRouter,PaintHolding,ThirdPartyStoragePartitioning,Translate,AutoDeElevate,RenderDocument,OptimizationHints --enable-features=CDPScreenshotNewSurface --disable-hang-monitor --disable-prompt-on-repost --disable-renderer-backgrounding --force-color-profile=srgb --no-first-run --password-store=basic --use-mock-keychain --no-service-autorun --export-tagged-pdf --disable-search-engine-choice-screen --edge-skip-compat-layer-relaunch --disable-infobars --disable-search-engine-choice-screen --disable-sync --disable-blink-features=AutomationControlled --headless --hide-scrollbars --mute-audio --blink-settings=primaryHoverType=2,availableHoverTypes=2,primaryPointerType=4,availablePointerTypes=4 --no-sandbox --no-service-autorun --disable-infobars --password-store=basic --disable-blink-features=AutomationControlled --disable-hang-monitor --no-default-browser-check --disable-breakpad --window-size=1366,900 --no-pings --disable-search-engine-choice-screen --disable-session-crashed-bubble --no-first-run --homepage=about:blank --user-data-dir=C:\Users\Administrator\AppData\Local\Temp\playwright_chromiumdev_profile-NnNoJw --remote-debugging-pipe about:blank
<launched> pid=17232
[pid=17232] <gracefully close start>
2026-04-30 09:47:41 [ERROR] Future exception was never retrieved
future: <Future finished exception=Error('net::ERR_ABORTED; maybe frame was detached?\nCall log:\n  - navigating to "https://accounts.google.com/signin", waiting until "networkidle"\n')>
patchright._impl._errors.Error: net::ERR_ABORTED; maybe frame was detached?
Call log:
  - navigating to "https://accounts.google.com/signin", waiting until "networkidle"

2026-04-30 09:48:40 [INFO] ============================================================
2026-04-30 09:48:40 [INFO] 自动登录调度器启动
2026-04-30 09:48:40 [INFO]   检查间隔: 3600s | 并发数: 2 | 无头: True
2026-04-30 09:48:40 [INFO]   重试上限: 2 | 登录超时: 180s
2026-04-30 09:48:40 [INFO]   日志文件: D:\2026_SKILL\account_mgr\log\login_scheduler.log
2026-04-30 09:48:40 [INFO] ============================================================
2026-04-30 09:48:40 [INFO] 已重置 4 个遗留处理中账号 (status=-1 → 0)
2026-04-30 09:48:40 [INFO] --- 新一轮检查 [2026-04-30 09:48:40] ---
2026-04-30 09:48:40 [INFO] [早班刷新] 到达 06:00 窗口，普通执行一次：重置所有活跃账号(status=1)...
2026-04-30 09:48:40 [INFO] [早班刷新] 已重置 0 个活跃账号 (status=1 → 0)，等待重新获取 Cookie
2026-04-30 09:48:40 [INFO] 共 5 个待登录账号，并发 Worker: 2
2026-04-30 09:48:40 [INFO] 已认领 5 个账号，启动 2 个 Worker...
2026-04-30 09:48:40 [INFO] [EnnalscrAvey@gmail.com] 准备开始登录，随机等待 13.7s 防风控...
2026-04-30 09:48:45 [INFO] [VieauTakemura@gmail.com] 准备开始登录，随机等待 7.4s 防风控...
2026-04-30 09:48:52 [INFO] [VieauTakemura@gmail.com] 开始登录...
2026-04-30 09:48:53 [INFO] [EnnalscrAvey@gmail.com] 开始登录...
2026-04-30 09:49:22 [WARNING] [EnnalscrAvey@gmail.com] 尝试 1 异常: TimeoutError: Page.wait_for_selector: Timeout 15000ms exceeded.
Call log:
  - waiting for locator("input[type=\"password\"]") to be visible
  - waiting for locator("input[type=\"password\"]")

2026-04-30 09:49:22 [INFO] [EnnalscrAvey@gmail.com] 第 1 次重试，等待 30s...
2026-04-30 09:49:47 [INFO] [VieauTakemura@gmail.com] ✓ 登录成功，Cookie 已写入 Redis，Pool 大小: 5
2026-04-30 09:49:47 [INFO] [DanielwalterDresch@gmail.com] 准备开始登录，随机等待 11.8s 防风控...
2026-04-30 09:49:58 [INFO] [DanielwalterDresch@gmail.com] 开始登录...
2026-04-30 09:50:21 [WARNING] [EnnalscrAvey@gmail.com] 尝试 2 异常: TimeoutError: Page.wait_for_selector: Timeout 15000ms exceeded.
Call log:
  - waiting for locator("input[type=\"password\"]") to be visible
  - waiting for locator("input[type=\"password\"]")

2026-04-30 09:50:21 [INFO] [EnnalscrAvey@gmail.com] 第 2 次重试，等待 30s...
2026-04-30 09:50:27 [WARNING] [DanielwalterDresch@gmail.com] 尝试 1 异常: TimeoutError: Page.wait_for_selector: Timeout 15000ms exceeded.
Call log:
  - waiting for locator("input[type=\"password\"]") to be visible
  - waiting for locator("input[type=\"password\"]")
    5 × locator resolved to hidden <input class="Hvu6D" tabindex="-1" type="password" jsname="RHeR4d" aria-hidden="true" spellcheck="false" name="hiddenPassword"/>

2026-04-30 09:50:27 [INFO] [DanielwalterDresch@gmail.com] 第 1 次重试，等待 30s...
2026-04-30 09:51:19 [WARNING] [EnnalscrAvey@gmail.com] 尝试 3 异常: TimeoutError: Page.wait_for_selector: Timeout 15000ms exceeded.
Call log:
  - waiting for locator("input[type=\"password\"]") to be visible
  - waiting for locator("input[type=\"password\"]")

2026-04-30 09:51:19 [INFO] [LeitheiserFigueira@gmail.com] 准备开始登录，随机等待 7.3s 防风控...
2026-04-30 09:51:26 [INFO] [LeitheiserFigueira@gmail.com] 开始登录...
2026-04-30 09:51:28 [WARNING] [DanielwalterDresch@gmail.com] 尝试 2 异常: TimeoutError: Page.wait_for_selector: Timeout 15000ms exceeded.
Call log:
  - waiting for locator("input[type=\"password\"]") to be visible
  - waiting for locator("input[type=\"password\"]")
    6 × locator resolved to hidden <input class="Hvu6D" tabindex="-1" type="password" jsname="RHeR4d" aria-hidden="true" spellcheck="false" name="hiddenPassword"/>

2026-04-30 09:51:28 [INFO] [DanielwalterDresch@gmail.com] 第 2 次重试，等待 30s...
2026-04-30 09:52:20 [INFO] [LeitheiserFigueira@gmail.com] ✓ 登录成功，Cookie 已写入 Redis，Pool 大小: 5
2026-04-30 09:52:20 [INFO] [hardcoregamer1026@gmail.com] 准备开始登录，随机等待 9.2s 防风控...
2026-04-30 09:52:27 [WARNING] [DanielwalterDresch@gmail.com] 尝试 3 异常: TimeoutError: Page.wait_for_selector: Timeout 15000ms exceeded.
Call log:
  - waiting for locator("input[type=\"password\"]") to be visible
  - waiting for locator("input[type=\"password\"]")
    2 × locator resolved to hidden <input class="Hvu6D" tabindex="-1" type="password" jsname="RHeR4d" aria-hidden="true" spellcheck="false" name="hiddenPassword"/>

2026-04-30 09:52:29 [INFO] [hardcoregamer1026@gmail.com] 开始登录...
2026-04-30 09:53:20 [INFO] [hardcoregamer1026@gmail.com] ✓ 登录成功，Cookie 已写入 Redis，Pool 大小: 5
2026-04-30 09:53:20 [INFO] 等待 3600s 后下次检查...
2026-04-30 10:53:20 [INFO] --- 新一轮检查 [2026-04-30 10:53:20] ---
2026-04-30 10:53:20 [INFO] 没有待登录的账号 (status=0)
2026-04-30 10:53:20 [INFO] 等待 3600s 后下次检查...
2026-04-30 11:53:20 [INFO] --- 新一轮检查 [2026-04-30 11:53:20] ---
2026-04-30 11:53:20 [INFO] 没有待登录的账号 (status=0)
2026-04-30 11:53:20 [INFO] 等待 3600s 后下次检查...
2026-04-30 12:53:20 [INFO] --- 新一轮检查 [2026-04-30 12:53:20] ---
2026-04-30 12:53:20 [INFO] 没有待登录的账号 (status=0)
2026-04-30 12:53:20 [INFO] 等待 3600s 后下次检查...
2026-04-30 13:53:20 [INFO] --- 新一轮检查 [2026-04-30 13:53:20] ---
2026-04-30 13:53:20 [INFO] 没有待登录的账号 (status=0)
2026-04-30 13:53:20 [INFO] 等待 3600s 后下次检查...
2026-04-30 14:53:20 [INFO] --- 新一轮检查 [2026-04-30 14:53:20] ---
2026-04-30 14:53:20 [INFO] 没有待登录的账号 (status=0)
2026-04-30 14:53:20 [INFO] 等待 3600s 后下次检查...
2026-04-30 15:53:20 [INFO] --- 新一轮检查 [2026-04-30 15:53:20] ---
2026-04-30 15:53:20 [INFO] 没有待登录的账号 (status=0)
2026-04-30 15:53:20 [INFO] 等待 3600s 后下次检查...
2026-04-30 16:53:20 [INFO] --- 新一轮检查 [2026-04-30 16:53:20] ---
2026-04-30 16:53:20 [INFO] 没有待登录的账号 (status=0)
2026-04-30 16:53:20 [INFO] 等待 3600s 后下次检查...
2026-04-30 17:53:20 [INFO] --- 新一轮检查 [2026-04-30 17:53:20] ---
2026-04-30 17:53:20 [INFO] 没有待登录的账号 (status=0)
2026-04-30 17:53:20 [INFO] 等待 3600s 后下次检查...
