2026-04-30 17:38:54 [INFO] recaptcha-state: {'href': 'https://labs.google/fx/zh/tools/flow', 'hasGrecaptcha': False, 'hasEnterprise': False}
2026-04-30 17:38:54 [WARNING] [Worker 0] 当前账号 LeitheiserFigueira@gmail.com 初始化失败: Page.evaluate: TypeError: Cannot read properties of undefined (reading 'enterprise')
    at window.grecaptcha.enterprise.execute.action (eval at evaluate (:290:30), <anonymous>:2:62)
    at new Promise (<anonymous>)
    at eval (eval at evaluate (:290:30), <anonymous>:2:19)
    at UtilityScript.evaluate (<anonymous>:297:18)
    at UtilityScript.<anonymous> (<anonymous>:1:44)
2026-04-30 17:38:54 [INFO] [Worker 0] 已释放旧账号 LeitheiserFigueira@gmail.com 的并发槽位
2026-04-30 17:38:54 [INFO] [Worker 0] 切换到新账号: LeitheiserFigueira@gmail.com
2026-04-30 17:39:04 [INFO] recaptcha-state: {'href': 'https://labs.google/fx/zh/tools/flow', 'hasGrecaptcha': False, 'hasEnterprise': False}
2026-04-30 17:39:04 [WARNING] [Worker 0] 当前账号 LeitheiserFigueira@gmail.com 初始化失败: Page.evaluate: TypeError: Cannot read properties of undefined (reading 'enterprise')
    at window.grecaptcha.enterprise.execute.action (eval at evaluate (:290:30), <anonymous>:2:62)
    at new Promise (<anonymous>)
    at eval (eval at evaluate (:290:30), <anonymous>:2:19)
    at UtilityScript.evaluate (<anonymous>:297:18)
    at UtilityScript.<anonymous> (<anonymous>:1:44)
2026-04-30 17:39:04 [INFO] [Worker 0] 已释放旧账号 LeitheiserFigueira@gmail.com 的并发槽位
2026-04-30 17:39:04 [INFO] [Worker 0] 切换到新账号: LeitheiserFigueira@gmail.com
2026-04-30 17:39:14 [INFO] recaptcha-state: {'href': 'https://labs.google/fx/zh/tools/flow', 'hasGrecaptcha': False, 'hasEnterprise': False}
2026-04-30 17:39:14 [WARNING] [Worker 0] 当前账号 LeitheiserFigueira@gmail.com 初始化失败: Page.evaluate: TypeError: Cannot read properties of undefined (reading 'enterprise')
    at window.grecaptcha.enterprise.execute.action (eval at evaluate (:290:30), <anonymous>:2:62)
    at new Promise (<anonymous>)
    at eval (eval at evaluate (:290:30), <anonymous>:2:19)
    at UtilityScript.evaluate (<anonymous>:297:18)
    at UtilityScript.<anonymous> (<anonymous>:1:44)
2026-04-30 17:39:14 [INFO] [Worker 0] 已释放旧账号 LeitheiserFigueira@gmail.com 的并发槽位
2026-04-30 17:39:14 [INFO] [Worker 0] 切换到新账号: LeitheiserFigueira@gmail.com
2026-04-30 17:39:24 [INFO] recaptcha-state: {'href': 'https://labs.google/fx/zh/tools/flow', 'hasGrecaptcha': False, 'hasEnterprise': False}
2026-04-30 17:39:24 [WARNING] [Worker 0] 当前账号 LeitheiserFigueira@gmail.com 初始化失败: Page.evaluate: TypeError: Cannot read properties of undefined (reading 'enterprise')
    at window.grecaptcha.enterprise.execute.action (eval at evaluate (:290:30), <anonymous>:2:62)
    at new Promise (<anonymous>)
    at eval (eval at evaluate (:290:30), <anonymous>:2:19)
    at UtilityScript.evaluate (<anonymous>:297:18)
    at UtilityScript.<anonymous> (<anonymous>:1:44)
2026-04-30 17:39:24 [INFO] [Worker 0] 账号 LeitheiserFigueira@gmail.com 并发槽位已归还
2026-04-30 17:39:36 [INFO] recaptcha-state: {'href': 'https://labs.google/fx/zh/tools/flow', 'hasGrecaptcha': False, 'hasEnterprise': False}
2026-04-30 17:39:36 [WARNING] [Worker 0] 当前账号 LeitheiserFigueira@gmail.com 初始化失败: Page.evaluate: TypeError: Cannot read properties of undefined (reading 'enterprise')
    at window.grecaptcha.enterprise.execute.action (eval at evaluate (:290:30), <anonymous>:2:62)
    at new Promise (<anonymous>)
    at eval (eval at evaluate (:290:30), <anonymous>:2:19)
    at UtilityScript.evaluate (<anonymous>:297:18)
    at UtilityScript.<anonymous> (<anonymous>:1:44)
2026-04-30 17:39:36 [INFO] [Worker 0] 已释放旧账号 LeitheiserFigueira@gmail.com 的并发槽位
2026-04-30 17:39:36 [INFO] [Worker 0] 切换到新账号: LeitheiserFigueira@gmail.com
2026-04-30 17:39:46 [INFO] recaptcha-state: {'href': 'https://labs.google/fx/zh/tools/flow', 'hasGrecaptcha': False, 'hasEnterprise': False}
2026-04-30 17:39:46 [WARNING] [Worker 0] 当前账号 LeitheiserFigueira@gmail.com 初始化失败: Page.evaluate: TypeError: Cannot read properties of undefined (reading 'enterprise')
    at window.grecaptcha.enterprise.execute.action (eval at evaluate (:290:30), <anonymous>:2:62)
    at new Promise (<anonymous>)
    at eval (eval at evaluate (:290:30), <anonymous>:2:19)
    at UtilityScript.evaluate (<anonymous>:297:18)
    at UtilityScript.<anonymous> (<anonymous>:1:44)
2026-04-30 17:39:46 [INFO] [Worker 0] 已释放旧账号 LeitheiserFigueira@gmail.com 的并发槽位
2026-04-30 17:39:46 [INFO] [Worker 0] 切换到新账号: LeitheiserFigueira@gmail.com
2026-04-30 17:39:56 [INFO] recaptcha-state: {'href': 'https://labs.google/fx/zh/tools/flow', 'hasGrecaptcha': False, 'hasEnterprise': False}
2026-04-30 17:39:57 [WARNING] [Worker 0] 当前账号 LeitheiserFigueira@gmail.com 初始化失败: Page.evaluate: TypeError: Cannot read properties of undefined (reading 'enterprise')
    at window.grecaptcha.enterprise.execute.action (eval at evaluate (:290:30), <anonymous>:2:62)
    at new Promise (<anonymous>)
    at eval (eval at evaluate (:290:30), <anonymous>:2:19)
    at UtilityScript.evaluate (<anonymous>:297:18)
    at UtilityScript.<anonymous> (<anonymous>:1:44)
2026-04-30 17:39:57 [INFO] [Worker 0] 已释放旧账号 LeitheiserFigueira@gmail.com 的并发槽位
2026-04-30 17:39:57 [INFO] [Worker 0] 切换到新账号: LeitheiserFigueira@gmail.com
2026-04-30 17:40:00 [INFO] [Worker 0] 账号 LeitheiserFigueira@gmail.com 并发槽位已归还
2026-04-30 17:51:18 [WARNING] [Worker 0] 当前账号 hardcoregamer1026@gmail.com 初始化失败: grecaptcha.enterprise 未就绪: {'href': 'https://labs.google/fx/zh/tools/flow', 'readyState': 'complete', 'hasGrecaptcha': False, 'hasEnterprise': False}
2026-04-30 17:51:18 [INFO] [Worker 0] 已释放旧账号 hardcoregamer1026@gmail.com 的并发槽位
2026-04-30 17:51:18 [INFO] [Worker 0] 切换到新账号: VieauTakemura@gmail.com
2026-04-30 17:51:27 [WARNING] [Worker 0] 当前账号 VieauTakemura@gmail.com 初始化失败: grecaptcha.enterprise 未就绪: {'href': 'https://labs.google/fx/zh/tools/flow', 'readyState': 'complete', 'hasGrecaptcha': False, 'hasEnterprise': False}
2026-04-30 17:51:27 [INFO] [Worker 0] 已释放旧账号 VieauTakemura@gmail.com 的并发槽位
2026-04-30 17:51:27 [INFO] [Worker 0] 切换到新账号: LeitheiserFigueira@gmail.com
2026-04-30 17:51:36 [WARNING] [Worker 0] 当前账号 LeitheiserFigueira@gmail.com 初始化失败: grecaptcha.enterprise 未就绪: {'href': 'https://labs.google/fx/zh/tools/flow', 'readyState': 'complete', 'hasGrecaptcha': False, 'hasEnterprise': False}
2026-04-30 17:51:36 [INFO] [Worker 0] 已释放旧账号 LeitheiserFigueira@gmail.com 的并发槽位
2026-04-30 17:51:36 [INFO] [Worker 0] 切换到新账号: hardcoregamer1026@gmail.com
2026-04-30 17:51:46 [WARNING] [Worker 0] 当前账号 hardcoregamer1026@gmail.com 初始化失败: grecaptcha.enterprise 未就绪: {'href': 'https://labs.google/fx/zh/tools/flow', 'readyState': 'complete', 'hasGrecaptcha': False, 'hasEnterprise': False}
2026-04-30 17:54:31 [WARNING] [Worker 0] 当前账号 VieauTakemura@gmail.com 初始化失败: grecaptcha.enterprise 未就绪: {'href': 'https://labs.google/fx/zh/tools/flow', 'readyState': 'complete', 'hasGrecaptcha': False, 'hasEnterprise': False}
2026-04-30 17:54:31 [INFO] [Worker 0] 已释放旧账号 VieauTakemura@gmail.com 的并发槽位
2026-04-30 17:54:31 [INFO] [Worker 0] 切换到新账号: LeitheiserFigueira@gmail.com
2026-04-30 17:54:41 [WARNING] [Worker 0] 当前账号 LeitheiserFigueira@gmail.com 初始化失败: grecaptcha.enterprise 未就绪: {'href': 'https://labs.google/fx/zh/tools/flow', 'readyState': 'complete', 'hasGrecaptcha': False, 'hasEnterprise': False}
2026-04-30 17:54:41 [INFO] [Worker 0] 已释放旧账号 LeitheiserFigueira@gmail.com 的并发槽位
2026-04-30 17:54:41 [INFO] [Worker 0] 切换到新账号: hardcoregamer1026@gmail.com
2026-04-30 17:54:50 [WARNING] [Worker 0] 当前账号 hardcoregamer1026@gmail.com 初始化失败: grecaptcha.enterprise 未就绪: {'href': 'https://labs.google/fx/zh/tools/flow', 'readyState': 'complete', 'hasGrecaptcha': False, 'hasEnterprise': False}
2026-04-30 17:54:50 [INFO] [Worker 0] 已释放旧账号 hardcoregamer1026@gmail.com 的并发槽位
2026-04-30 17:54:50 [INFO] [Worker 0] 切换到新账号: VieauTakemura@gmail.com
2026-04-30 17:55:00 [WARNING] [Worker 0] 当前账号 VieauTakemura@gmail.com 初始化失败: grecaptcha.enterprise 未就绪: {'href': 'https://labs.google/fx/zh/tools/flow', 'readyState': 'complete', 'hasGrecaptcha': False, 'hasEnterprise': False}
2026-04-30 17:55:53 [WARNING] [Worker 0] 当前账号 LeitheiserFigueira@gmail.com 初始化失败: grecaptcha.enterprise 未就绪: {'href': 'https://labs.google/fx/zh/tools/flow', 'readyState': 'complete', 'hasGrecaptcha': False, 'hasEnterprise': False}
2026-04-30 17:55:53 [INFO] [Worker 0] 已释放旧账号 LeitheiserFigueira@gmail.com 的并发槽位
2026-04-30 17:55:53 [INFO] [Worker 0] 切换到新账号: hardcoregamer1026@gmail.com
2026-04-30 17:56:02 [WARNING] [Worker 0] 当前账号 hardcoregamer1026@gmail.com 初始化失败: grecaptcha.enterprise 未就绪: {'href': 'https://labs.google/fx/zh/tools/flow', 'readyState': 'complete', 'hasGrecaptcha': False, 'hasEnterprise': False}
2026-04-30 17:56:02 [INFO] [Worker 0] 已释放旧账号 hardcoregamer1026@gmail.com 的并发槽位
2026-04-30 17:56:02 [INFO] [Worker 0] 切换到新账号: VieauTakemura@gmail.com
2026-04-30 17:56:11 [WARNING] [Worker 0] 当前账号 VieauTakemura@gmail.com 初始化失败: grecaptcha.enterprise 未就绪: {'href': 'https://labs.google/fx/zh/tools/flow', 'readyState': 'complete', 'hasGrecaptcha': False, 'hasEnterprise': False}
2026-04-30 17:56:11 [INFO] [Worker 0] 已释放旧账号 VieauTakemura@gmail.com 的并发槽位
2026-04-30 17:56:11 [INFO] [Worker 0] 切换到新账号: LeitheiserFigueira@gmail.com
2026-04-30 17:56:21 [WARNING] [Worker 0] 当前账号 LeitheiserFigueira@gmail.com 初始化失败: grecaptcha.enterprise 未就绪: {'href': 'https://labs.google/fx/zh/tools/flow', 'readyState': 'complete', 'hasGrecaptcha': False, 'hasEnterprise': False}
2026-04-30 17:56:42 [WARNING] [Worker 0] 当前账号 hardcoregamer1026@gmail.com 初始化失败: grecaptcha.enterprise 未就绪: {'href': 'https://labs.google/fx/zh/tools/flow', 'readyState': 'complete', 'hasGrecaptcha': False, 'hasEnterprise': False}
2026-04-30 17:56:42 [INFO] [Worker 0] 已释放旧账号 hardcoregamer1026@gmail.com 的并发槽位
2026-04-30 17:56:42 [INFO] [Worker 0] 切换到新账号: VieauTakemura@gmail.com
2026-04-30 17:56:51 [WARNING] [Worker 0] 当前账号 VieauTakemura@gmail.com 初始化失败: grecaptcha.enterprise 未就绪: {'href': 'https://labs.google/fx/zh/tools/flow', 'readyState': 'complete', 'hasGrecaptcha': False, 'hasEnterprise': False}
2026-04-30 17:56:51 [INFO] [Worker 0] 已释放旧账号 VieauTakemura@gmail.com 的并发槽位
2026-04-30 17:56:51 [INFO] [Worker 0] 切换到新账号: LeitheiserFigueira@gmail.com
2026-04-30 17:57:00 [WARNING] [Worker 0] 当前账号 LeitheiserFigueira@gmail.com 初始化失败: grecaptcha.enterprise 未就绪: {'href': 'https://labs.google/fx/zh/tools/flow', 'readyState': 'complete', 'hasGrecaptcha': False, 'hasEnterprise': False}
2026-04-30 17:57:00 [INFO] [Worker 0] 已释放旧账号 LeitheiserFigueira@gmail.com 的并发槽位
2026-04-30 17:57:00 [INFO] [Worker 0] 切换到新账号: hardcoregamer1026@gmail.com
2026-04-30 17:57:10 [WARNING] [Worker 0] 当前账号 hardcoregamer1026@gmail.com 初始化失败: grecaptcha.enterprise 未就绪: {'href': 'https://labs.google/fx/zh/tools/flow', 'readyState': 'complete', 'hasGrecaptcha': False, 'hasEnterprise': False}
2026-04-30 17:59:20 [INFO] recaptcha-state: {'href': 'https://labs.google/fx/zh/tools/flow', 'readyState': 'interactive', 'hasGrecaptcha': True, 'hasEnterprise': True}
2026-04-30 18:01:28 [INFO] recaptcha-state: {'href': 'https://labs.google/fx/zh/tools/flow', 'readyState': 'interactive', 'hasGrecaptcha': True, 'hasEnterprise': True}
2026-04-30 18:04:29 [INFO] recaptcha-state: {'href': 'https://labs.google/fx/zh/tools/flow', 'readyState': 'interactive', 'hasGrecaptcha': True, 'hasEnterprise': True}
2026-04-30 18:06:53 [INFO] recaptcha-state: {'href': 'https://labs.google/fx/zh/tools/flow', 'readyState': 'interactive', 'hasGrecaptcha': True, 'hasEnterprise': True}
2026-04-30 18:09:51 [INFO] recaptcha-state: {'href': 'https://labs.google/fx/zh/tools/flow', 'readyState': 'interactive', 'hasGrecaptcha': True, 'hasEnterprise': True}
2026-04-30 18:16:57 [INFO] recaptcha-state: {'href': 'https://labs.google/fx/zh/tools/flow', 'readyState': 'interactive', 'hasGrecaptcha': True, 'hasEnterprise': True}
2026-04-30 18:16:57 [INFO] prepare_runtime: 开始获取 session
2026-04-30 18:16:57 [INFO] prepare_runtime: session 获取成功，开始执行 recaptcha
2026-04-30 18:17:28 [WARNING] [Worker 0] 当前账号 LeitheiserFigueira@gmail.com 初始化失败: 
2026-04-30 18:17:28 [INFO] [Worker 0] 已释放旧账号 LeitheiserFigueira@gmail.com 的并发槽位
2026-04-30 18:17:28 [INFO] [Worker 0] 切换到新账号: hardcoregamer1026@gmail.com
2026-04-30 18:17:31 [INFO] recaptcha-state: {'href': 'https://labs.google/fx/zh/tools/flow', 'readyState': 'interactive', 'hasGrecaptcha': True, 'hasEnterprise': True}
2026-04-30 18:17:31 [INFO] prepare_runtime: 开始获取 session
2026-04-30 18:17:31 [INFO] prepare_runtime: session 获取成功，开始执行 recaptcha
2026-04-30 18:18:01 [WARNING] [Worker 0] 当前账号 hardcoregamer1026@gmail.com 初始化失败: 
2026-04-30 18:18:01 [INFO] [Worker 0] 已释放旧账号 hardcoregamer1026@gmail.com 的并发槽位
2026-04-30 18:18:01 [INFO] [Worker 0] 切换到新账号: LeitheiserFigueira@gmail.com
2026-04-30 18:18:04 [INFO] recaptcha-state: {'href': 'https://labs.google/fx/zh/tools/flow', 'readyState': 'interactive', 'hasGrecaptcha': True, 'hasEnterprise': True}
2026-04-30 18:18:04 [INFO] prepare_runtime: 开始获取 session
2026-04-30 18:18:05 [INFO] prepare_runtime: session 获取成功，开始执行 recaptcha
2026-04-30 18:18:35 [WARNING] [Worker 0] 当前账号 LeitheiserFigueira@gmail.com 初始化失败: 
2026-04-30 18:18:35 [INFO] [Worker 0] 已释放旧账号 LeitheiserFigueira@gmail.com 的并发槽位
2026-04-30 18:18:35 [INFO] [Worker 0] 切换到新账号: hardcoregamer1026@gmail.com
2026-04-30 18:18:38 [INFO] recaptcha-state: {'href': 'https://labs.google/fx/zh/tools/flow', 'readyState': 'interactive', 'hasGrecaptcha': True, 'hasEnterprise': True}
2026-04-30 18:18:38 [INFO] prepare_runtime: 开始获取 session
2026-04-30 18:18:38 [INFO] prepare_runtime: session 获取成功，开始执行 recaptcha
2026-04-30 18:19:42 [INFO] recaptcha-state: {'href': 'https://labs.google/fx/zh/tools/flow', 'readyState': 'interactive', 'hasGrecaptcha': True, 'hasEnterprise': True}
2026-04-30 18:19:42 [INFO] prepare_runtime: 开始获取 session
2026-04-30 18:19:43 [INFO] prepare_runtime: session 获取成功，开始执行 recaptcha
2026-04-30 18:20:13 [WARNING] [Worker 0] 当前账号 LeitheiserFigueira@gmail.com 初始化失败: 
2026-04-30 18:20:13 [INFO] [Worker 0] 已释放旧账号 LeitheiserFigueira@gmail.com 的并发槽位
2026-04-30 18:20:13 [INFO] [Worker 0] 切换到新账号: hardcoregamer1026@gmail.com
2026-04-30 18:20:16 [INFO] recaptcha-state: {'href': 'https://labs.google/fx/zh/tools/flow', 'readyState': 'interactive', 'hasGrecaptcha': True, 'hasEnterprise': True}
2026-04-30 18:20:16 [INFO] prepare_runtime: 开始获取 session
2026-04-30 18:20:16 [INFO] prepare_runtime: session 获取成功，开始执行 recaptcha
2026-04-30 18:20:46 [WARNING] [Worker 0] 当前账号 hardcoregamer1026@gmail.com 初始化失败: 
2026-04-30 18:20:46 [INFO] [Worker 0] 已释放旧账号 hardcoregamer1026@gmail.com 的并发槽位
2026-04-30 18:20:46 [INFO] [Worker 0] 切换到新账号: LeitheiserFigueira@gmail.com
2026-04-30 18:20:50 [INFO] recaptcha-state: {'href': 'https://labs.google/fx/zh/tools/flow', 'readyState': 'interactive', 'hasGrecaptcha': True, 'hasEnterprise': True}
2026-04-30 18:20:50 [INFO] prepare_runtime: 开始获取 session
2026-04-30 18:20:50 [INFO] prepare_runtime: session 获取成功，开始执行 recaptcha
2026-04-30 18:21:20 [WARNING] [Worker 0] 当前账号 LeitheiserFigueira@gmail.com 初始化失败: 
2026-04-30 18:21:20 [INFO] [Worker 0] 已释放旧账号 LeitheiserFigueira@gmail.com 的并发槽位
2026-04-30 18:21:20 [INFO] [Worker 0] 切换到新账号: hardcoregamer1026@gmail.com
2026-04-30 18:21:23 [INFO] recaptcha-state: {'href': 'https://labs.google/fx/zh/tools/flow', 'readyState': 'interactive', 'hasGrecaptcha': True, 'hasEnterprise': True}
2026-04-30 18:21:23 [INFO] prepare_runtime: 开始获取 session
2026-04-30 18:21:23 [INFO] prepare_runtime: session 获取成功，开始执行 recaptcha
2026-04-30 18:22:10 [INFO] recaptcha-state: {'href': 'https://labs.google/fx/zh/tools/flow', 'readyState': 'interactive', 'hasGrecaptcha': True, 'hasEnterprise': True}
2026-04-30 18:22:10 [INFO] prepare_runtime: 开始获取 session
2026-04-30 18:22:11 [INFO] prepare_runtime: session 获取成功，开始执行 recaptcha
2026-04-30 18:22:41 [WARNING] [Worker 0] 当前账号 LeitheiserFigueira@gmail.com 初始化失败: 
2026-04-30 18:22:41 [INFO] [Worker 0] 已释放旧账号 LeitheiserFigueira@gmail.com 的并发槽位
2026-04-30 18:22:41 [INFO] [Worker 0] 切换到新账号: hardcoregamer1026@gmail.com
2026-04-30 18:22:44 [INFO] recaptcha-state: {'href': 'https://labs.google/fx/zh/tools/flow', 'readyState': 'interactive', 'hasGrecaptcha': True, 'hasEnterprise': True}
2026-04-30 18:22:44 [INFO] prepare_runtime: 开始获取 session
2026-04-30 18:22:44 [INFO] prepare_runtime: session 获取成功，开始执行 recaptcha
2026-04-30 18:23:14 [INFO] recaptcha-state: {'href': 'https://labs.google/fx/zh/tools/flow', 'readyState': 'interactive', 'hasGrecaptcha': True, 'hasEnterprise': True}
2026-04-30 18:23:14 [INFO] prepare_runtime: 开始获取 session
2026-04-30 18:23:14 [INFO] prepare_runtime: session 获取成功，开始执行 recaptcha
2026-04-30 18:23:17 [INFO] prepare_runtime: recaptcha 执行成功，开始获取 credits
2026-04-30 18:23:18 [INFO] prepare_runtime: credits 获取成功
2026-04-30 18:23:28 [INFO] recaptcha-state: {'href': 'https://labs.google/fx/zh/tools/flow', 'readyState': 'interactive', 'hasGrecaptcha': True, 'hasEnterprise': True}
2026-04-30 18:23:28 [INFO] prepare_runtime: 开始获取 session
2026-04-30 18:23:28 [INFO] prepare_runtime: session 获取成功，开始执行 recaptcha
2026-04-30 18:23:31 [INFO] prepare_runtime: recaptcha 执行成功，开始获取 credits
2026-04-30 18:23:32 [INFO] prepare_runtime: credits 获取成功
